[2021-07-06T09:25:23] SUCCESS get: hhttps://farmtogether.fandom.com/wiki/flowers Title: Flowers | Farm Together Wiki | Fandom 
[2021-07-06T09:31:16] SUCCESS get: https://farmtogether.fandom.com/wiki/flowers Title: Flowers | Farm Together Wiki | Fandom 
[2021-07-06T09:36:28] SUCCESS get: https://farmtogether.fandom.com/wiki/flowers Title: Flowers | Farm Together Wiki | Fandom 
[2021-07-06T09:37:48] SUCCESS get: https://farmtogether.fandom.com/wiki/flowers Title: Flowers | Farm Together Wiki | Fandom 
[2021-07-06T09:39:41] SUCCESS get: https://farmtogether.fandom.com/wiki/crops Title: Crops | Farm Together Wiki | Fandom 
[2021-07-06T09:41:21] SUCCESS get: https://farmtogether.fandom.com/wiki/trees Title: Trees | Farm Together Wiki | Fandom 
[2021-07-06T09:41:59] SUCCESS get: https://farmtogether.fandom.com/wiki/flowers Title: Flowers | Farm Together Wiki | Fandom 
[2021-07-06T09:42:05] SUCCESS get: https://farmtogether.fandom.com/wiki/ponds Title: Ponds | Farm Together Wiki | Fandom 
[2021-07-06T09:42:11] SUCCESS get: https://farmtogether.fandom.com/wiki/animals Title: Animals | Farm Together Wiki | Fandom 
[2021-07-06T09:44:32] SUCCESS get: https://farmtogether.fandom.com/wiki/animals Title: Animals | Farm Together Wiki | Fandom 
[2021-07-06T09:48:19] SUCCESS get: https://farmtogether.fandom.com/wiki/animals Title: Animals | Farm Together Wiki | Fandom 
[2021-07-06T09:49:34] SUCCESS get: https://farmtogether.fandom.com/wiki/animals Title: Animals | Farm Together Wiki | Fandom 
[2021-07-06T10:42:02] SUCCESS get: https://farmtogether.fandom.com/wiki/crops Title: Crops | Farm Together Wiki | Fandom 
[2021-07-06T10:45:22] SUCCESS get: https://farmtogether.fandom.com/wiki/crops Title: Crops | Farm Together Wiki | Fandom 
[2021-07-06T10:47:59] SUCCESS get: https://farmtogether.fandom.com/wiki/crops Title: Crops | Farm Together Wiki | Fandom 
[2021-07-06T10:57:33] SUCCESS get: https://farmtogether.fandom.com/wiki/Melon Title: Melon | Farm Together Wiki | Fandom 
[2021-07-06T10:57:34] SUCCESS get: https://farmtogether.fandom.com/wiki/Pineapple Title: Pineapple | Farm Together Wiki | Fandom 
[2021-07-06T10:59:07] SUCCESS get: https://farmtogether.fandom.com/wiki/Melon Title: Melon | Farm Together Wiki | Fandom 
[2021-07-06T10:59:08] SUCCESS get: https://farmtogether.fandom.com/wiki/Pineapple Title: Pineapple | Farm Together Wiki | Fandom 
[2021-07-06T10:59:09] SUCCESS get: https://farmtogether.fandom.com/wiki/Kiwifruit Title: Kiwifruit | Farm Together Wiki | Fandom 
[2021-07-06T10:59:10] SUCCESS get: https://farmtogether.fandom.com/wiki/Watermelon Title: Watermelon | Farm Together Wiki | Fandom 
[2021-07-06T10:59:11] SUCCESS get: https://farmtogether.fandom.com/wiki/Strawberry Title: Strawberry | Farm Together Wiki | Fandom 
[2021-07-06T10:59:11] SUCCESS get: https://farmtogether.fandom.com/wiki/Physalis Title: Physalis | Farm Together Wiki | Fandom 
[2021-07-06T11:01:23] SUCCESS get: https://farmtogether.fandom.com/wiki/crops Title: Crops | Farm Together Wiki | Fandom 
[2021-07-06T11:02:27] SUCCESS get: https://farmtogether.fandom.com/wiki/crops Title: Crops | Farm Together Wiki | Fandom 
[2021-07-06T11:06:12] SUCCESS get: https://farmtogether.fandom.com/wiki/Melon Title: Melon | Farm Together Wiki | Fandom 
[2021-07-06T11:06:12] SUCCESS get: https://farmtogether.fandom.com/wiki/Pineapple Title: Pineapple | Farm Together Wiki | Fandom 
[2021-07-06T11:06:13] SUCCESS get: https://farmtogether.fandom.com/wiki/Kiwifruit Title: Kiwifruit | Farm Together Wiki | Fandom 
[2021-07-06T11:06:13] SUCCESS get: https://farmtogether.fandom.com/wiki/Watermelon Title: Watermelon | Farm Together Wiki | Fandom 
[2021-07-06T11:06:14] SUCCESS get: https://farmtogether.fandom.com/wiki/Strawberry Title: Strawberry | Farm Together Wiki | Fandom 
[2021-07-06T11:06:14] SUCCESS get: https://farmtogether.fandom.com/wiki/Physalis Title: Physalis | Farm Together Wiki | Fandom 
[2021-07-06T11:06:51] SUCCESS get: https://farmtogether.fandom.com/wiki/Melon Title: Melon | Farm Together Wiki | Fandom 
[2021-07-06T11:06:51] SUCCESS get: https://farmtogether.fandom.com/wiki/Pineapple Title: Pineapple | Farm Together Wiki | Fandom 
[2021-07-06T11:06:52] SUCCESS get: https://farmtogether.fandom.com/wiki/Kiwifruit Title: Kiwifruit | Farm Together Wiki | Fandom 
[2021-07-06T11:06:53] SUCCESS get: https://farmtogether.fandom.com/wiki/Watermelon Title: Watermelon | Farm Together Wiki | Fandom 
[2021-07-06T11:06:53] SUCCESS get: https://farmtogether.fandom.com/wiki/Strawberry Title: Strawberry | Farm Together Wiki | Fandom 
[2021-07-06T11:06:53] SUCCESS get: https://farmtogether.fandom.com/wiki/Physalis Title: Physalis | Farm Together Wiki | Fandom 
[2021-07-06T11:07:56] SUCCESS get: https://farmtogether.fandom.com/wiki/flowers Title: Flowers | Farm Together Wiki | Fandom 
[2021-07-06T11:10:38] SUCCESS get: https://farmtogether.fandom.com/wiki/Pink_Foxglove Title: Pink Foxglove | Farm Together Wiki | Fandom 
[2021-07-06T11:17:10] SUCCESS get: https://farmtogether.fandom.com/wiki/Ramanas_Rose Title: Ramanas Rose | Farm Together Wiki | Fandom 
[2021-07-06T11:17:12] SUCCESS get: https://farmtogether.fandom.com/wiki/Provence_Rose Title: Provence Rose | Farm Together Wiki | Fandom 
[2021-07-06T11:17:13] SUCCESS get: https://farmtogether.fandom.com/wiki/Damask_Rose Title: Damask Rose | Farm Together Wiki | Fandom 
[2021-07-06T11:17:15] SUCCESS get: https://farmtogether.fandom.com/wiki/Rose Title: Rose | Farm Together Wiki | Fandom 
[2021-07-06T11:17:15] SUCCESS get: https://farmtogether.fandom.com/wiki/Daisy Title: Daisy | Farm Together Wiki | Fandom 
[2021-07-06T16:10:08] SUCCESS get: https://farmtogether.fandom.com/wiki/Flowers Title: Flowers | Farm Together Wiki | Fandom 
[2021-07-06T16:11:09] SUCCESS get: https://farmtogether.fandom.com/wiki/Flowers Title: Flowers | Farm Together Wiki | Fandom 
[2021-07-06T16:11:29] SUCCESS get: https://farmtogether.fandom.com/wiki/Trees Title: Trees | Farm Together Wiki | Fandom 
[2021-07-06T16:11:49] SUCCESS get: https://farmtogether.fandom.com/wiki/Ponds Title: Ponds | Farm Together Wiki | Fandom 
[2021-07-06T16:11:55] SUCCESS get: https://farmtogether.fandom.com/wiki/Animals Title: Animals | Farm Together Wiki | Fandom 
[2021-07-06T16:12:02] SUCCESS get: https://farmtogether.fandom.com/wiki/Animals Title: Animals | Farm Together Wiki | Fandom 
[2021-07-06T16:12:33] SUCCESS get: https://farmtogether.fandom.com/wiki/Animals Title: Animals | Farm Together Wiki | Fandom 
[2021-07-06T16:14:25] SUCCESS get: https://farmtogether.fandom.com/wiki/Crops Title: Crops | Farm Together Wiki | Fandom 
[2021-07-06T16:14:57] SUCCESS get: https://farmtogether.fandom.com/wiki/Crops Title: Crops | Farm Together Wiki | Fandom 
[2021-07-06T16:15:25] SUCCESS get: https://farmtogether.fandom.com/wiki/Flowers Title: Flowers | Farm Together Wiki | Fandom 
[2021-07-06T16:15:54] SUCCESS get: https://farmtogether.fandom.com/wiki/Trees Title: Trees | Farm Together Wiki | Fandom 
[2021-07-06T16:16:02] SUCCESS get: https://farmtogether.fandom.com/wiki/Ponds Title: Ponds | Farm Together Wiki | Fandom 
[2021-07-06T16:16:07] SUCCESS get: https://farmtogether.fandom.com/wiki/Animals Title: Animals | Farm Together Wiki | Fandom 
[2021-07-06T16:16:15] SUCCESS get: https://farmtogether.fandom.com/wiki/Animals Title: Animals | Farm Together Wiki | Fandom 
[2021-07-06T16:16:49] SUCCESS get: https://farmtogether.fandom.com/wiki/Animals Title: Animals | Farm Together Wiki | Fandom 
[2021-07-06T16:17:47] SUCCESS get: https://farmtogether.fandom.com/wiki/Flowers Title: Flowers | Farm Together Wiki | Fandom 
[2021-07-06T16:17:50] SUCCESS get: https://farmtogether.fandom.com/wiki/Flowers Title: Flowers | Farm Together Wiki | Fandom 
[2021-07-06T16:17:56] SUCCESS get: https://farmtogether.fandom.com/wiki/Flowers Title: Flowers | Farm Together Wiki | Fandom 
[2021-07-06T16:19:05] SUCCESS get: https://farmtogether.fandom.com/wiki/Melon Title: Melon | Farm Together Wiki | Fandom 
[2021-07-06T16:19:06] SUCCESS get: https://farmtogether.fandom.com/wiki/Pineapple Title: Pineapple | Farm Together Wiki | Fandom 
[2021-07-06T16:19:06] SUCCESS get: https://farmtogether.fandom.com/wiki/Kiwifruit Title: Kiwifruit | Farm Together Wiki | Fandom 
[2021-07-06T16:19:07] SUCCESS get: https://farmtogether.fandom.com/wiki/Watermelon Title: Watermelon | Farm Together Wiki | Fandom 
[2021-07-06T16:19:07] SUCCESS get: https://farmtogether.fandom.com/wiki/Strawberry Title: Strawberry | Farm Together Wiki | Fandom 
[2021-07-06T16:19:08] SUCCESS get: https://farmtogether.fandom.com/wiki/Physalis Title: Physalis | Farm Together Wiki | Fandom 
[2021-07-06T16:20:10] SUCCESS get: https://farmtogether.fandom.com/wiki/Melon Title: Melon | Farm Together Wiki | Fandom 
[2021-07-06T16:20:10] SUCCESS get: https://farmtogether.fandom.com/wiki/Pineapple Title: Pineapple | Farm Together Wiki | Fandom 
[2021-07-06T16:20:11] SUCCESS get: https://farmtogether.fandom.com/wiki/Kiwifruit Title: Kiwifruit | Farm Together Wiki | Fandom 
[2021-07-06T16:20:12] SUCCESS get: https://farmtogether.fandom.com/wiki/Watermelon Title: Watermelon | Farm Together Wiki | Fandom 
[2021-07-06T16:20:12] SUCCESS get: https://farmtogether.fandom.com/wiki/Strawberry Title: Strawberry | Farm Together Wiki | Fandom 
[2021-07-06T16:20:13] SUCCESS get: https://farmtogether.fandom.com/wiki/Physalis Title: Physalis | Farm Together Wiki | Fandom 
[2021-07-06T16:20:36] SUCCESS get: https://farmtogether.fandom.com/wiki/Melon Title: Melon | Farm Together Wiki | Fandom 
[2021-07-06T16:20:37] SUCCESS get: https://farmtogether.fandom.com/wiki/Pineapple Title: Pineapple | Farm Together Wiki | Fandom 
[2021-07-06T16:20:38] SUCCESS get: https://farmtogether.fandom.com/wiki/Kiwifruit Title: Kiwifruit | Farm Together Wiki | Fandom 
[2021-07-06T16:20:38] SUCCESS get: https://farmtogether.fandom.com/wiki/Watermelon Title: Watermelon | Farm Together Wiki | Fandom 
[2021-07-06T16:20:39] SUCCESS get: https://farmtogether.fandom.com/wiki/Strawberry Title: Strawberry | Farm Together Wiki | Fandom 
[2021-07-06T16:20:39] SUCCESS get: https://farmtogether.fandom.com/wiki/Physalis Title: Physalis | Farm Together Wiki | Fandom 
[2021-07-06T16:24:55] SUCCESS get: https://farmtogether.fandom.com/wiki/Sunflower Title: Sunflower | Farm Together Wiki | Fandom 
[2021-07-06T16:24:56] SUCCESS get: https://farmtogether.fandom.com/wiki/Peanut Title: Peanut | Farm Together Wiki | Fandom 
[2021-07-06T16:25:43] SUCCESS get: https://farmtogether.fandom.com/wiki/Carrot Title: Carrot | Farm Together Wiki | Fandom 
[2021-07-06T16:25:45] SUCCESS get: https://farmtogether.fandom.com/wiki/Lettuce Title: Lettuce | Farm Together Wiki | Fandom 
[2021-07-06T16:25:46] SUCCESS get: https://farmtogether.fandom.com/wiki/Cabbage Title: Cabbage | Farm Together Wiki | Fandom 
[2021-07-06T16:25:47] SUCCESS get: https://farmtogether.fandom.com/wiki/Lombardy_Cabbage Title: Lombardy Cabbage | Farm Together Wiki | Fandom 
[2021-07-06T16:25:47] SUCCESS get: https://farmtogether.fandom.com/wiki/Purple_Carrot Title: Purple Carrot | Farm Together Wiki | Fandom 
[2021-07-06T16:25:48] SUCCESS get: https://farmtogether.fandom.com/wiki/Yellow_Onion Title: Yellow Onion | Farm Together Wiki | Fandom 
[2021-07-06T16:25:49] SUCCESS get: https://farmtogether.fandom.com/wiki/Red_Onion Title: Red Onion | Farm Together Wiki | Fandom 
[2021-07-06T16:25:50] SUCCESS get: https://farmtogether.fandom.com/wiki/Leek Title: Leek | Farm Together Wiki | Fandom 
[2021-07-06T16:25:50] SUCCESS get: https://farmtogether.fandom.com/wiki/Chard Title: Chard | Farm Together Wiki | Fandom 
[2021-07-06T16:25:51] SUCCESS get: https://farmtogether.fandom.com/wiki/Spinach Title: Spinach | Farm Together Wiki | Fandom 
[2021-07-06T16:25:52] SUCCESS get: https://farmtogether.fandom.com/wiki/Broccoli Title: Broccoli | Farm Together Wiki | Fandom 
[2021-07-06T16:25:52] SUCCESS get: https://farmtogether.fandom.com/wiki/Graffiti_Cauliflower Title: Graffiti Cauliflower | Farm Together Wiki | Fandom 
[2021-07-06T16:25:53] SUCCESS get: https://farmtogether.fandom.com/wiki/Pumpkin Title: Pumpkin | Farm Together Wiki | Fandom 
[2021-07-06T16:25:54] SUCCESS get: https://farmtogether.fandom.com/wiki/Cauliflower Title: Cauliflower | Farm Together Wiki | Fandom 
[2021-07-06T16:25:54] SUCCESS get: https://farmtogether.fandom.com/wiki/Romanesco Title: Romanesco | Farm Together Wiki | Fandom 
[2021-07-06T16:25:55] SUCCESS get: https://farmtogether.fandom.com/wiki/Cheddar_Cauliflower Title: Cheddar Cauliflower | Farm Together Wiki | Fandom 
[2021-07-06T16:25:56] SUCCESS get: https://farmtogether.fandom.com/wiki/Crookneck_Pumpkin Title: Crookneck Pumpkin | Farm Together Wiki | Fandom 
[2021-07-06T16:25:57] SUCCESS get: https://farmtogether.fandom.com/wiki/Zucchini Title: Zucchini | Farm Together Wiki | Fandom 
[2021-07-06T16:25:57] SUCCESS get: https://farmtogether.fandom.com/wiki/Yellow_Zucchini Title: Yellow Zucchini | Farm Together Wiki | Fandom 
[2021-07-06T16:25:58] SUCCESS get: https://farmtogether.fandom.com/wiki/Aloe_Vera Title: Aloe Vera | Farm Together Wiki | Fandom 
[2021-07-06T16:25:58] SUCCESS get: https://farmtogether.fandom.com/wiki/Beefsteak_Tomato Title: Beefsteak Tomato | Farm Together Wiki | Fandom 
[2021-07-06T16:25:59] SUCCESS get: https://farmtogether.fandom.com/wiki/Tomato Title: Tomato | Farm Together Wiki | Fandom 
[2021-07-06T16:26:00] SUCCESS get: https://farmtogether.fandom.com/wiki/Azoychka_Tomato Title: Azoychka Tomato | Farm Together Wiki | Fandom 
[2021-07-06T16:26:01] SUCCESS get: https://farmtogether.fandom.com/wiki/Cherokee_Purple_Tomato Title: Cherokee Purple Tomato | Farm Together Wiki | Fandom 
[2021-07-06T16:26:01] SUCCESS get: https://farmtogether.fandom.com/wiki/Yellow_Pepper Title: Yellow Pepper | Farm Together Wiki | Fandom 
[2021-07-06T16:26:02] SUCCESS get: https://farmtogether.fandom.com/wiki/Green_Pepper Title: Green Pepper | Farm Together Wiki | Fandom 
[2021-07-06T16:26:03] SUCCESS get: https://farmtogether.fandom.com/wiki/Red_Pepper Title: Red Pepper | Farm Together Wiki | Fandom 
[2021-07-06T16:26:03] SUCCESS get: https://farmtogether.fandom.com/wiki/Turnip Title: Turnip | Farm Together Wiki | Fandom 
[2021-07-06T16:26:04] SUCCESS get: https://farmtogether.fandom.com/wiki/Jicama Title: Jicama | Farm Together Wiki | Fandom 
[2021-07-06T16:26:05] SUCCESS get: https://farmtogether.fandom.com/wiki/Agave Title: Agave | Farm Together Wiki | Fandom 
[2021-07-06T16:26:06] SUCCESS get: https://farmtogether.fandom.com/wiki/Artichoke Title: Artichoke | Farm Together Wiki | Fandom 
[2021-07-06T16:26:07] SUCCESS get: https://farmtogether.fandom.com/wiki/Asparagus Title: Asparagus | Farm Together Wiki | Fandom 
[2021-07-06T16:26:07] SUCCESS get: https://farmtogether.fandom.com/wiki/Potato Title: Potato | Farm Together Wiki | Fandom 
[2021-07-06T16:26:08] SUCCESS get: https://farmtogether.fandom.com/wiki/Garlic Title: Garlic | Farm Together Wiki | Fandom 
[2021-07-06T16:26:08] SUCCESS get: https://farmtogether.fandom.com/wiki/Shallot Title: Shallot | Farm Together Wiki | Fandom 
[2021-07-06T16:26:09] SUCCESS get: https://farmtogether.fandom.com/wiki/Beet Title: Beet | Farm Together Wiki | Fandom 
[2021-07-06T16:26:10] SUCCESS get: https://farmtogether.fandom.com/wiki/Peas Title: Peas | Farm Together Wiki | Fandom 
[2021-07-06T16:26:10] SUCCESS get: https://farmtogether.fandom.com/wiki/Beans Title: Beans | Farm Together Wiki | Fandom 
[2021-07-06T16:26:11] SUCCESS get: https://farmtogether.fandom.com/wiki/Eggplant Title: Eggplant | Farm Together Wiki | Fandom 
[2021-07-06T16:26:12] SUCCESS get: https://farmtogether.fandom.com/wiki/Soybean Title: Soybean | Farm Together Wiki | Fandom 
[2021-07-06T16:26:12] SUCCESS get: https://farmtogether.fandom.com/wiki/Radish Title: Radish | Farm Together Wiki | Fandom 
[2021-07-06T16:26:13] SUCCESS get: https://farmtogether.fandom.com/wiki/Cucumber Title: Cucumber | Farm Together Wiki | Fandom 
[2021-07-06T16:27:20] SUCCESS get: https://farmtogether.fandom.com/wiki/Raspberry Title: Raspberry | Farm Together Wiki | Fandom 
[2021-07-06T16:27:20] SUCCESS get: https://farmtogether.fandom.com/wiki/Blackberry Title: Blackberry | Farm Together Wiki | Fandom 
[2021-07-06T16:27:21] SUCCESS get: https://farmtogether.fandom.com/wiki/Red_Goji_Berry Title: Red Goji Berry | Farm Together Wiki | Fandom 
[2021-07-06T16:27:22] SUCCESS get: https://farmtogether.fandom.com/wiki/Black_Goji_Berry Title: Black Goji Berry | Farm Together Wiki | Fandom 
[2021-07-06T16:27:22] SUCCESS get: https://farmtogether.fandom.com/wiki/Red_Grape Title: Red Grape | Farm Together Wiki | Fandom 
[2021-07-06T16:27:23] SUCCESS get: https://farmtogether.fandom.com/wiki/Blue_Grape Title: Blue Grape | Farm Together Wiki | Fandom 
[2021-07-06T16:27:24] SUCCESS get: https://farmtogether.fandom.com/wiki/Green_Grape Title: Green Grape | Farm Together Wiki | Fandom 
[2021-07-06T16:27:36] SUCCESS get: https://farmtogether.fandom.com/wiki/Barley Title: Barley | Farm Together Wiki | Fandom 
[2021-07-06T16:27:36] SUCCESS get: https://farmtogether.fandom.com/wiki/Wheat Title: Wheat | Farm Together Wiki | Fandom 
[2021-07-06T16:27:37] SUCCESS get: https://farmtogether.fandom.com/wiki/Rye Title: Rye | Farm Together Wiki | Fandom 
[2021-07-06T16:27:38] SUCCESS get: https://farmtogether.fandom.com/wiki/Corn Title: Corn | Farm Together Wiki | Fandom 
[2021-07-06T16:27:38] SUCCESS get: https://farmtogether.fandom.com/wiki/White_Sorghum Title: White Sorghum | Farm Together Wiki | Fandom 
[2021-07-06T16:27:39] SUCCESS get: https://farmtogether.fandom.com/wiki/Red_Sorghum Title: Red Sorghum | Farm Together Wiki | Fandom 
[2021-07-06T16:28:03] SUCCESS get: https://farmtogether.fandom.com/wiki/Parasol_Mushroom Title: Parasol Mushroom | Farm Together Wiki | Fandom 
[2021-07-06T16:28:04] SUCCESS get: https://farmtogether.fandom.com/wiki/Shiitake Title: Shiitake | Farm Together Wiki | Fandom 
[2021-07-06T16:28:05] SUCCESS get: https://farmtogether.fandom.com/wiki/White_Mushroom Title: White Mushroom | Farm Together Wiki | Fandom 
[2021-07-06T16:28:06] SUCCESS get: https://farmtogether.fandom.com/wiki/Red_Pine_Mushroom Title: Red Pine Mushroom | Farm Together Wiki | Fandom 
[2021-07-06T16:28:11] SUCCESS get: https://farmtogether.fandom.com/wiki/Turmeric Title: Turmeric | Farm Together Wiki | Fandom 
[2021-07-06T16:28:11] SUCCESS get: https://farmtogether.fandom.com/wiki/Black_Peppercorn Title: Black Peppercorn | Farm Together Wiki | Fandom 
[2021-07-06T16:28:12] SUCCESS get: https://farmtogether.fandom.com/wiki/Pink_Peppercorn Title: Pink Peppercorn | Farm Together Wiki | Fandom 
[2021-07-06T16:28:13] SUCCESS get: https://farmtogether.fandom.com/wiki/White_Peppercorn Title: White Peppercorn | Farm Together Wiki | Fandom 
[2021-07-06T16:28:19] SUCCESS get: https://farmtogether.fandom.com/wiki/Cotton Title: Cotton | Farm Together Wiki | Fandom 
[2021-07-06T16:28:26] SUCCESS get: https://farmtogether.fandom.com/wiki/Sugar_Cane Title: Sugar Cane | Farm Together Wiki | Fandom 
[2021-07-06T16:28:27] SUCCESS get: https://farmtogether.fandom.com/wiki/Blackcurrant Title: Blackcurrant | Farm Together Wiki | Fandom 
[2021-07-06T16:28:27] SUCCESS get: https://farmtogether.fandom.com/wiki/Redcurrant Title: Redcurrant | Farm Together Wiki | Fandom 
[2021-07-06T16:28:28] SUCCESS get: https://farmtogether.fandom.com/wiki/Chive Title: Chive | Farm Together Wiki | Fandom 
[2021-07-06T16:28:29] SUCCESS get: https://farmtogether.fandom.com/wiki/Chickpea Title: Chickpea | Farm Together Wiki | Fandom 
[2021-07-06T16:28:29] SUCCESS get: https://farmtogether.fandom.com/wiki/Ginger Title: Ginger | Farm Together Wiki | Fandom 
[2021-07-06T16:28:30] SUCCESS get: https://farmtogether.fandom.com/wiki/Chili Title: Chili Pepper | Farm Together Wiki | Fandom 
[2021-07-06T16:28:31] SUCCESS get: https://farmtogether.fandom.com/wiki/Wasabi Title: Wasabi | Farm Together Wiki | Fandom 
[2021-07-06T16:28:32] SUCCESS get: https://farmtogether.fandom.com/wiki/Celery Title: Celery | Farm Together Wiki | Fandom 
[2021-07-06T16:28:32] SUCCESS get: https://farmtogether.fandom.com/wiki/Jalape%C3%B1o_Pepper Title: Jalapeño Pepper | Farm Together Wiki | Fandom 
[2021-07-06T16:28:33] SUCCESS get: https://farmtogether.fandom.com/wiki/Habanero_Pepper Title: Habanero Pepper | Farm Together Wiki | Fandom 
[2021-07-06T16:28:34] SUCCESS get: https://farmtogether.fandom.com/wiki/Oregano Title: Oregano | Farm Together Wiki | Fandom 
[2021-07-06T16:28:41] SUCCESS get: https://farmtogether.fandom.com/wiki/Easter_Egg Title: Easter Egg | Farm Together Wiki | Fandom 
[2021-07-06T16:28:41] SUCCESS get: https://farmtogether.fandom.com/wiki/Cursed_Pumpkin Title: Cursed Pumpkin | Farm Together Wiki | Fandom 
[2021-07-06T16:28:42] SUCCESS get: https://farmtogether.fandom.com/wiki/Candy_Cane Title: Candy Cane | Farm Together Wiki | Fandom 
[2021-07-06T16:28:43] SUCCESS get: https://farmtogether.fandom.com/wiki/Shooting_Stars Title: Shooting Stars | Farm Together Wiki | Fandom 
[2021-07-06T16:28:43] SUCCESS get: https://farmtogether.fandom.com/wiki/Cotton_Candy Title: Cotton Candy | Farm Together Wiki | Fandom 
[2021-07-06T16:28:44] SUCCESS get: https://farmtogether.fandom.com/wiki/Lucky_Clover Title: Lucky Clover | Farm Together Wiki | Fandom 
[2021-07-06T16:28:45] SUCCESS get: https://farmtogether.fandom.com/wiki/Flower_Bouquets Title: Flower Bouquets | Farm Together Wiki | Fandom 
[2021-07-06T16:28:46] SUCCESS get: https://farmtogether.fandom.com/wiki/Fireworks Title: Fireworks | Farm Together Wiki | Fandom 
[2021-07-06T16:28:47] SUCCESS get: https://farmtogether.fandom.com/wiki/Dinosaur_Fossil Title: Dinosaur Fossil | Farm Together Wiki | Fandom 
[2021-07-06T16:28:48] SUCCESS get: https://farmtogether.fandom.com/wiki/Toy_Pinwheels Title: Toy Pinwheels | Farm Together Wiki | Fandom 
[2021-07-06T16:28:49] SUCCESS get: https://farmtogether.fandom.com/wiki/Musical_Root Title: Musical Root | Farm Together Wiki | Fandom 
[2021-07-06T16:28:49] SUCCESS get: https://farmtogether.fandom.com/wiki/Magic_Crystal Title: Magic Crystal | Farm Together Wiki | Fandom 
[2021-07-06T16:28:50] SUCCESS get: https://farmtogether.fandom.com/wiki/Party_Candles Title: Party Candles | Farm Together Wiki | Fandom 
[2021-07-06T16:28:51] SUCCESS get: https://farmtogether.fandom.com/wiki/Fern Title: Fern | Farm Together Wiki | Fandom 
[2021-07-06T16:31:11] SUCCESS get: https://farmtogether.fandom.com/wiki/Ramanas_Rose Title: Ramanas Rose | Farm Together Wiki | Fandom 
[2021-07-06T16:31:11] SUCCESS get: https://farmtogether.fandom.com/wiki/Provence_Rose Title: Provence Rose | Farm Together Wiki | Fandom 
[2021-07-06T16:31:12] SUCCESS get: https://farmtogether.fandom.com/wiki/Damask_Rose Title: Damask Rose | Farm Together Wiki | Fandom 
[2021-07-06T16:31:13] SUCCESS get: https://farmtogether.fandom.com/wiki/Rose Title: Rose | Farm Together Wiki | Fandom 
[2021-07-06T16:31:13] SUCCESS get: https://farmtogether.fandom.com/wiki/Daisy Title: Daisy | Farm Together Wiki | Fandom 
[2021-07-06T16:31:14] SUCCESS get: https://farmtogether.fandom.com/wiki/Shasta_Daisy Title: Shasta Daisy | Farm Together Wiki | Fandom 
[2021-07-06T16:31:14] SUCCESS get: https://farmtogether.fandom.com/wiki/Marguerite_Daisy Title: Marguerite Daisy | Farm Together Wiki | Fandom 
[2021-07-06T16:31:15] SUCCESS get: https://farmtogether.fandom.com/wiki/Gerbera_Daisy Title: Gerbera Daisy | Farm Together Wiki | Fandom 
[2021-07-06T16:31:16] SUCCESS get: https://farmtogether.fandom.com/wiki/Yellow_Hibiscus Title: Yellow Hibiscus | Farm Together Wiki | Fandom 
[2021-07-06T16:31:17] SUCCESS get: https://farmtogether.fandom.com/wiki/Red_Hibiscus Title: Red Hibiscus | Farm Together Wiki | Fandom 
[2021-07-06T16:31:17] SUCCESS get: https://farmtogether.fandom.com/wiki/White_Hibiscus Title: White Hibiscus | Farm Together Wiki | Fandom 
[2021-07-06T16:31:18] SUCCESS get: https://farmtogether.fandom.com/wiki/Saffron_Crocus Title: Saffron Crocus | Farm Together Wiki | Fandom 
[2021-07-06T16:31:19] SUCCESS get: https://farmtogether.fandom.com/wiki/Blue_Hydrangea Title: Blue Hydrangea | Farm Together Wiki | Fandom 
[2021-07-06T16:31:19] SUCCESS get: https://farmtogether.fandom.com/wiki/Purple_Hydrangea Title: Purple Hydrangea | Farm Together Wiki | Fandom 
[2021-07-06T16:31:20] SUCCESS get: https://farmtogether.fandom.com/wiki/Annabelle_Hydrangea Title: Annabelle Hydrangea | Farm Together Wiki | Fandom 
[2021-07-06T16:31:21] SUCCESS get: https://farmtogether.fandom.com/wiki/Pink_Hydrangea Title: Pink Hydrangea | Farm Together Wiki | Fandom 
[2021-07-06T16:31:21] SUCCESS get: https://farmtogether.fandom.com/wiki/Hydrangea Title: Hydrangea | Farm Together Wiki | Fandom 
[2021-07-06T16:31:22] SUCCESS get: https://farmtogether.fandom.com/wiki/Poppy Title: Poppy | Farm Together Wiki | Fandom 
[2021-07-06T16:31:23] SUCCESS get: https://farmtogether.fandom.com/wiki/California_Poppy Title: California Poppy | Farm Together Wiki | Fandom 
[2021-07-06T16:31:23] SUCCESS get: https://farmtogether.fandom.com/wiki/Flax Title: Flax | Farm Together Wiki | Fandom 
[2021-07-06T16:31:24] SUCCESS get: https://farmtogether.fandom.com/wiki/White_Daffodil Title: White Daffodil | Farm Together Wiki | Fandom 
[2021-07-06T16:31:25] SUCCESS get: https://farmtogether.fandom.com/wiki/Yellow_Daffodil Title: Yellow Daffodil | Farm Together Wiki | Fandom 
[2021-07-06T16:31:25] SUCCESS get: https://farmtogether.fandom.com/wiki/Purple_Daffodil Title: Purple Daffodil | Farm Together Wiki | Fandom 
[2021-07-06T16:31:26] SUCCESS get: https://farmtogether.fandom.com/wiki/Pink_Daffodil Title: Pink Daffodil | Farm Together Wiki | Fandom 
[2021-07-06T16:31:26] SUCCESS get: https://farmtogether.fandom.com/wiki/Sevilla_Tulip Title: Sevilla Tulip | Farm Together Wiki | Fandom 
[2021-07-06T16:31:27] SUCCESS get: https://farmtogether.fandom.com/wiki/Strong_Gold_Tulip Title: Strong Gold Tulip | Farm Together Wiki | Fandom 
[2021-07-06T16:31:28] SUCCESS get: https://farmtogether.fandom.com/wiki/Fosteriana_Tulip Title: Fosteriana Tulip | Farm Together Wiki | Fandom 
[2021-07-06T16:31:29] SUCCESS get: https://farmtogether.fandom.com/wiki/China_Pink_Tulip Title: China Pink Tulip | Farm Together Wiki | Fandom 
[2021-07-06T16:31:29] SUCCESS get: https://farmtogether.fandom.com/wiki/Queen_of_Night_Tulip Title: Queen of Night Tulip | Farm Together Wiki | Fandom 
[2021-07-06T16:31:30] SUCCESS get: https://farmtogether.fandom.com/wiki/Lavender Title: Lavender | Farm Together Wiki | Fandom 
[2021-07-06T16:31:31] SUCCESS get: https://farmtogether.fandom.com/wiki/Oleander Title: Oleander | Farm Together Wiki | Fandom 
[2021-07-06T16:31:31] SUCCESS get: https://farmtogether.fandom.com/wiki/Rosemary Title: Rosemary | Farm Together Wiki | Fandom 
[2021-07-06T16:31:32] SUCCESS get: https://farmtogether.fandom.com/wiki/Blue_Bellflower Title: Blue Bellflower | Farm Together Wiki | Fandom 
[2021-07-06T16:31:33] SUCCESS get: https://farmtogether.fandom.com/wiki/White_Bellflower Title: White Bellflower | Farm Together Wiki | Fandom 
[2021-07-06T16:31:34] SUCCESS get: https://farmtogether.fandom.com/wiki/Red_Bellflower Title: Red Bellflower | Farm Together Wiki | Fandom 
[2021-07-06T16:31:34] SUCCESS get: https://farmtogether.fandom.com/wiki/Purple_Bellflower Title: Purple Bellflower | Farm Together Wiki | Fandom 
[2021-07-06T16:31:35] SUCCESS get: https://farmtogether.fandom.com/wiki/Pink_Wisteria Title: Pink Wisteria | Farm Together Wiki | Fandom 
[2021-07-06T16:31:36] SUCCESS get: https://farmtogether.fandom.com/wiki/Blue_Wisteria Title: Blue Wisteria | Farm Together Wiki | Fandom 
[2021-07-06T16:31:36] SUCCESS get: https://farmtogether.fandom.com/wiki/Yellow_Wisteria Title: Yellow Wisteria | Farm Together Wiki | Fandom 
[2021-07-06T16:31:37] SUCCESS get: https://farmtogether.fandom.com/wiki/Mustard Title: Mustard | Farm Together Wiki | Fandom 
[2021-07-06T16:31:38] SUCCESS get: https://farmtogether.fandom.com/wiki/Green_Tea Title: Green Tea | Farm Together Wiki | Fandom 
[2021-07-06T16:31:39] SUCCESS get: https://farmtogether.fandom.com/wiki/Red_Tea Title: Red Tea | Farm Together Wiki | Fandom 
[2021-07-06T16:31:39] SUCCESS get: https://farmtogether.fandom.com/wiki/Black_Tea Title: Black Tea | Farm Together Wiki | Fandom 
[2021-07-06T16:31:40] SUCCESS get: https://farmtogether.fandom.com/wiki/Venus_Flytrap Title: Venus Flytrap | Farm Together Wiki | Fandom 
[2021-07-06T16:31:41] SUCCESS get: https://farmtogether.fandom.com/wiki/Common_Lilac Title: Common Lilac | Farm Together Wiki | Fandom 
[2021-07-06T16:31:42] SUCCESS get: https://farmtogether.fandom.com/wiki/White_Lilac Title: White Lilac | Farm Together Wiki | Fandom 
[2021-07-06T16:31:42] SUCCESS get: https://farmtogether.fandom.com/wiki/Pink_Lilac Title: Pink Lilac | Farm Together Wiki | Fandom 
[2021-07-06T16:31:43] SUCCESS get: https://farmtogether.fandom.com/wiki/Jupiter%27s_Beard Title: Jupiter's Beard | Farm Together Wiki | Fandom 
[2021-07-06T16:31:44] SUCCESS get: https://farmtogether.fandom.com/wiki/Blue_Orchid Title: Blue Orchid | Farm Together Wiki | Fandom 
[2021-07-06T16:31:44] SUCCESS get: https://farmtogether.fandom.com/wiki/Yellow_Orchid Title: Yellow Orchid | Farm Together Wiki | Fandom 
[2021-07-06T16:31:45] SUCCESS get: https://farmtogether.fandom.com/wiki/Red_Orchid Title: Red Orchid | Farm Together Wiki | Fandom 
[2021-07-06T16:31:46] SUCCESS get: https://farmtogether.fandom.com/wiki/White_Orchid Title: White Orchid | Farm Together Wiki | Fandom 
[2021-07-06T16:32:03] SUCCESS get: https://farmtogether.fandom.com/wiki/Oregano Title: Oregano | Farm Together Wiki | Fandom 
[2021-07-06T16:32:20] SUCCESS get: https://farmtogether.fandom.com/wiki/Apple_Tree Title: Apple Tree | Farm Together Wiki | Fandom 
[2021-07-06T16:32:20] SUCCESS get: https://farmtogether.fandom.com/wiki/Lemon_Tree Title: Lemon Tree | Farm Together Wiki | Fandom 
[2021-07-06T16:32:21] SUCCESS get: https://farmtogether.fandom.com/wiki/Pear_Tree Title: Pear Tree | Farm Together Wiki | Fandom 
[2021-07-06T16:32:22] SUCCESS get: https://farmtogether.fandom.com/wiki/Banana_Tree Title: Banana Tree | Farm Together Wiki | Fandom 
[2021-07-06T16:32:23] SUCCESS get: https://farmtogether.fandom.com/wiki/Peach_Tree Title: Peach Tree | Farm Together Wiki | Fandom 
[2021-07-06T16:32:24] SUCCESS get: https://farmtogether.fandom.com/wiki/Coconut_Tree Title: Coconut Tree | Farm Together Wiki | Fandom 
[2021-07-06T16:32:24] SUCCESS get: https://farmtogether.fandom.com/wiki/Orange_Tree Title: Orange Tree | Farm Together Wiki | Fandom 
[2021-07-06T16:32:25] SUCCESS get: https://farmtogether.fandom.com/wiki/Apricot_Tree Title: Apricot Tree | Farm Together Wiki | Fandom 
[2021-07-06T16:32:26] SUCCESS get: https://farmtogether.fandom.com/wiki/Cherry_Tree Title: Cherry Tree | Farm Together Wiki | Fandom 
[2021-07-06T16:32:26] SUCCESS get: https://farmtogether.fandom.com/wiki/Fig Title: Fig | Farm Together Wiki | Fandom 
[2021-07-06T16:32:27] SUCCESS get: https://farmtogether.fandom.com/wiki/Pomegranate_Tree Title: Pomegranate Tree | Farm Together Wiki | Fandom 
[2021-07-06T16:32:28] SUCCESS get: https://farmtogether.fandom.com/wiki/Lime_Tree Title: Lime Tree | Farm Together Wiki | Fandom 
[2021-07-06T16:32:28] SUCCESS get: https://farmtogether.fandom.com/wiki/Plum_Tree Title: Plum Tree | Farm Together Wiki | Fandom 
[2021-07-06T16:32:29] SUCCESS get: https://farmtogether.fandom.com/wiki/Mango Title: Mango | Farm Together Wiki | Fandom 
[2021-07-06T16:32:30] SUCCESS get: https://farmtogether.fandom.com/wiki/Nectarine_Tree Title: Nectarine Tree | Farm Together Wiki | Fandom 
[2021-07-06T16:32:31] SUCCESS get: https://farmtogether.fandom.com/wiki/Tamarind Title: Tamarind | Farm Together Wiki | Fandom 
[2021-07-06T16:32:31] SUCCESS get: https://farmtogether.fandom.com/wiki/Papaya Title: Papaya | Farm Together Wiki | Fandom 
[2021-07-06T16:32:32] SUCCESS get: https://farmtogether.fandom.com/wiki/Date_Palm Title: Date Palm | Farm Together Wiki | Fandom 
[2021-07-06T16:32:33] SUCCESS get: https://farmtogether.fandom.com/wiki/Quince Title: Quince | Farm Together Wiki | Fandom 
[2021-07-06T16:32:33] SUCCESS get: https://farmtogether.fandom.com/wiki/Durian_Tree Title: Durian Tree | Farm Together Wiki | Fandom 
[2021-07-06T16:32:34] SUCCESS get: https://farmtogether.fandom.com/wiki/Lychee Title: Lychee | Farm Together Wiki | Fandom 
[2021-07-06T16:32:35] SUCCESS get: https://farmtogether.fandom.com/wiki/Tangerine_Tree Title: Tangerine Tree | Farm Together Wiki | Fandom 
[2021-07-06T16:32:35] SUCCESS get: https://farmtogether.fandom.com/wiki/Yuzu_Tree Title: Yuzu Tree | Farm Together Wiki | Fandom 
[2021-07-06T16:32:36] SUCCESS get: https://farmtogether.fandom.com/wiki/Starfruit_Tree Title: Starfruit Tree | Farm Together Wiki | Fandom 
[2021-07-06T16:32:37] SUCCESS get: https://farmtogether.fandom.com/wiki/Dragon_Fruit_Cactus Title: Dragon Fruit Cactus | Farm Together Wiki | Fandom 
[2021-07-08T07:35:36] SUCCESS get: https://farmtogether.fandom.com/wiki/Crops Title: Crops | Farm Together Wiki | Fandom 
[2021-07-08T07:46:14] SUCCESS get: https://farmtogether.fandom.com/wiki/Melon Title: Melon | Farm Together Wiki | Fandom 
[2021-07-08T07:46:15] SUCCESS get: https://farmtogether.fandom.com/wiki/Pineapple Title: Pineapple | Farm Together Wiki | Fandom 
[2021-07-08T07:46:16] SUCCESS get: https://farmtogether.fandom.com/wiki/Kiwifruit Title: Kiwifruit | Farm Together Wiki | Fandom 
[2021-07-08T07:46:17] SUCCESS get: https://farmtogether.fandom.com/wiki/Watermelon Title: Watermelon | Farm Together Wiki | Fandom 
[2021-07-08T07:46:18] SUCCESS get: https://farmtogether.fandom.com/wiki/Strawberry Title: Strawberry | Farm Together Wiki | Fandom 
[2021-07-08T07:46:19] SUCCESS get: https://farmtogether.fandom.com/wiki/Physalis Title: Physalis | Farm Together Wiki | Fandom 
[2021-07-08T07:46:49] SUCCESS get: https://farmtogether.fandom.com/wiki/Melon Title: Melon | Farm Together Wiki | Fandom 
[2021-07-08T07:46:50] SUCCESS get: https://farmtogether.fandom.com/wiki/Pineapple Title: Pineapple | Farm Together Wiki | Fandom 
[2021-07-08T07:46:51] SUCCESS get: https://farmtogether.fandom.com/wiki/Kiwifruit Title: Kiwifruit | Farm Together Wiki | Fandom 
[2021-07-08T07:46:52] SUCCESS get: https://farmtogether.fandom.com/wiki/Watermelon Title: Watermelon | Farm Together Wiki | Fandom 
[2021-07-08T07:46:52] SUCCESS get: https://farmtogether.fandom.com/wiki/Strawberry Title: Strawberry | Farm Together Wiki | Fandom 
[2021-07-08T07:46:52] SUCCESS get: https://farmtogether.fandom.com/wiki/Physalis Title: Physalis | Farm Together Wiki | Fandom 
[2021-07-08T07:49:14] SUCCESS get: https://farmtogether.fandom.com/wiki/Melon Title: Melon | Farm Together Wiki | Fandom 
[2021-07-08T07:49:15] SUCCESS get: https://farmtogether.fandom.com/wiki/Pineapple Title: Pineapple | Farm Together Wiki | Fandom 
[2021-07-08T07:49:16] SUCCESS get: https://farmtogether.fandom.com/wiki/Kiwifruit Title: Kiwifruit | Farm Together Wiki | Fandom 
[2021-07-08T07:49:17] SUCCESS get: https://farmtogether.fandom.com/wiki/Watermelon Title: Watermelon | Farm Together Wiki | Fandom 
[2021-07-08T07:49:17] SUCCESS get: https://farmtogether.fandom.com/wiki/Strawberry Title: Strawberry | Farm Together Wiki | Fandom 
[2021-07-08T07:49:17] SUCCESS get: https://farmtogether.fandom.com/wiki/Physalis Title: Physalis | Farm Together Wiki | Fandom 
[2021-07-08T14:05:40] SUCCESS get: https://farmtogether.fandom.com/wiki/Sunflower Title: Sunflower | Farm Together Wiki | Fandom 
[2021-07-08T14:05:41] SUCCESS get: https://farmtogether.fandom.com/wiki/Peanut Title: Peanut | Farm Together Wiki | Fandom 
[2021-07-08T14:09:11] SUCCESS get: https://farmtogether.fandom.com/wiki/Sunflower Title: Sunflower | Farm Together Wiki | Fandom 
[2021-07-08T14:09:12] SUCCESS get: https://farmtogether.fandom.com/wiki/Peanut Title: Peanut | Farm Together Wiki | Fandom 
[2021-07-08T14:09:37] SUCCESS get: https://farmtogether.fandom.com/wiki/Carrot Title: Carrot | Farm Together Wiki | Fandom 
[2021-07-08T14:09:38] SUCCESS get: https://farmtogether.fandom.com/wiki/Lettuce Title: Lettuce | Farm Together Wiki | Fandom 
[2021-07-08T14:09:39] SUCCESS get: https://farmtogether.fandom.com/wiki/Cabbage Title: Cabbage | Farm Together Wiki | Fandom 
[2021-07-08T14:09:39] SUCCESS get: https://farmtogether.fandom.com/wiki/Lombardy_Cabbage Title: Lombardy Cabbage | Farm Together Wiki | Fandom 
[2021-07-08T14:09:40] SUCCESS get: https://farmtogether.fandom.com/wiki/Purple_Carrot Title: Purple Carrot | Farm Together Wiki | Fandom 
[2021-07-08T14:09:40] SUCCESS get: https://farmtogether.fandom.com/wiki/Yellow_Onion Title: Yellow Onion | Farm Together Wiki | Fandom 
[2021-07-08T14:09:41] SUCCESS get: https://farmtogether.fandom.com/wiki/Red_Onion Title: Red Onion | Farm Together Wiki | Fandom 
[2021-07-08T14:09:42] SUCCESS get: https://farmtogether.fandom.com/wiki/Leek Title: Leek | Farm Together Wiki | Fandom 
[2021-07-08T14:09:44] SUCCESS get: https://farmtogether.fandom.com/wiki/Chard Title: Chard | Farm Together Wiki | Fandom 
[2021-07-08T14:09:46] SUCCESS get: https://farmtogether.fandom.com/wiki/Spinach Title: Spinach | Farm Together Wiki | Fandom 
[2021-07-08T14:09:48] SUCCESS get: https://farmtogether.fandom.com/wiki/Broccoli Title: Broccoli | Farm Together Wiki | Fandom 
[2021-07-08T14:09:49] SUCCESS get: https://farmtogether.fandom.com/wiki/Graffiti_Cauliflower Title: Graffiti Cauliflower | Farm Together Wiki | Fandom 
[2021-07-08T14:09:51] SUCCESS get: https://farmtogether.fandom.com/wiki/Pumpkin Title: Pumpkin | Farm Together Wiki | Fandom 
[2021-07-08T14:12:19] SUCCESS get: https://farmtogether.fandom.com/wiki/Carrot Title: Carrot | Farm Together Wiki | Fandom 
[2021-07-08T14:12:20] SUCCESS get: https://farmtogether.fandom.com/wiki/Lettuce Title: Lettuce | Farm Together Wiki | Fandom 
[2021-07-08T14:12:21] SUCCESS get: https://farmtogether.fandom.com/wiki/Melon Title: Melon | Farm Together Wiki | Fandom 
[2021-07-08T14:12:21] SUCCESS get: https://farmtogether.fandom.com/wiki/Pineapple Title: Pineapple | Farm Together Wiki | Fandom 
[2021-07-08T14:12:22] SUCCESS get: https://farmtogether.fandom.com/wiki/Raspberry Title: Raspberry | Farm Together Wiki | Fandom 
[2021-07-08T14:12:22] SUCCESS get: https://farmtogether.fandom.com/wiki/Sunflower Title: Sunflower | Farm Together Wiki | Fandom 
[2021-07-08T14:12:23] SUCCESS get: https://farmtogether.fandom.com/wiki/Peanut Title: Peanut | Farm Together Wiki | Fandom 
[2021-07-08T14:12:23] SUCCESS get: https://farmtogether.fandom.com/wiki/Barley Title: Barley | Farm Together Wiki | Fandom 
[2021-07-08T14:12:24] SUCCESS get: https://farmtogether.fandom.com/wiki/Parasol_Mushroom Title: Parasol Mushroom | Farm Together Wiki | Fandom 
[2021-07-08T14:12:25] SUCCESS get: https://farmtogether.fandom.com/wiki/Turmeric Title: Turmeric | Farm Together Wiki | Fandom 
[2021-07-08T14:12:25] SUCCESS get: https://farmtogether.fandom.com/wiki/Black_Peppercorn Title: Black Peppercorn | Farm Together Wiki | Fandom 
[2021-07-08T14:12:26] SUCCESS get: https://farmtogether.fandom.com/wiki/Cotton Title: Cotton | Farm Together Wiki | Fandom 
[2021-07-08T14:12:27] SUCCESS get: https://farmtogether.fandom.com/wiki/Sugar_Cane Title: Sugar Cane | Farm Together Wiki | Fandom 
[2021-07-08T14:12:27] SUCCESS get: https://farmtogether.fandom.com/wiki/Easter_Egg Title: Easter Egg | Farm Together Wiki | Fandom 
[2021-07-08T14:24:49] INFO Starting with Crops => Vegetables 
[2021-07-08T14:24:50] SUCCESS get: https://farmtogether.fandom.com/wiki/Carrot Title: Carrot | Farm Together Wiki | Fandom 
[2021-07-08T14:24:51] SUCCESS get: https://farmtogether.fandom.com/wiki/Lettuce Title: Lettuce | Farm Together Wiki | Fandom 
[2021-07-08T14:24:51] INFO Finished with Crops => Vegetables 
[2021-07-08T14:24:51] INFO Starting with Crops => Fruits 
[2021-07-08T14:24:52] SUCCESS get: https://farmtogether.fandom.com/wiki/Melon Title: Melon | Farm Together Wiki | Fandom 
[2021-07-08T14:24:52] SUCCESS get: https://farmtogether.fandom.com/wiki/Pineapple Title: Pineapple | Farm Together Wiki | Fandom 
[2021-07-08T14:24:52] INFO Finished with Crops => Fruits 
[2021-07-08T14:24:52] INFO Starting with Crops => Grapes 
[2021-07-08T14:24:53] SUCCESS get: https://farmtogether.fandom.com/wiki/Raspberry Title: Raspberry | Farm Together Wiki | Fandom 
[2021-07-08T14:24:53] INFO Finished with Crops => Grapes 
[2021-07-08T14:24:53] INFO Starting with Crops => Nuts 
[2021-07-08T14:24:53] SUCCESS get: https://farmtogether.fandom.com/wiki/Sunflower Title: Sunflower | Farm Together Wiki | Fandom 
[2021-07-08T14:24:53] SUCCESS get: https://farmtogether.fandom.com/wiki/Peanut Title: Peanut | Farm Together Wiki | Fandom 
[2021-07-08T14:24:53] INFO Finished with Crops => Nuts 
[2021-07-08T14:24:53] INFO Starting with Crops => Cereals 
[2021-07-08T14:24:54] SUCCESS get: https://farmtogether.fandom.com/wiki/Barley Title: Barley | Farm Together Wiki | Fandom 
[2021-07-08T14:24:54] INFO Finished with Crops => Cereals 
[2021-07-08T14:24:54] INFO Starting with Crops => Mushrooms 
[2021-07-08T14:24:54] SUCCESS get: https://farmtogether.fandom.com/wiki/Parasol_Mushroom Title: Parasol Mushroom | Farm Together Wiki | Fandom 
[2021-07-08T14:24:54] INFO Finished with Crops => Mushrooms 
[2021-07-08T14:24:54] INFO Starting with Crops => Spice 
[2021-07-08T14:24:55] SUCCESS get: https://farmtogether.fandom.com/wiki/Turmeric Title: Turmeric | Farm Together Wiki | Fandom 
[2021-07-08T14:24:55] SUCCESS get: https://farmtogether.fandom.com/wiki/Black_Peppercorn Title: Black Peppercorn | Farm Together Wiki | Fandom 
[2021-07-08T14:24:55] INFO Finished with Crops => Spice 
[2021-07-08T14:24:55] INFO Starting with Crops => Fabric 
[2021-07-08T14:24:55] SUCCESS get: https://farmtogether.fandom.com/wiki/Cotton Title: Cotton | Farm Together Wiki | Fandom 
[2021-07-08T14:24:55] INFO Finished with Crops => Fabric 
[2021-07-08T14:24:55] INFO Starting with Crops => DLC 
[2021-07-08T14:24:56] SUCCESS get: https://farmtogether.fandom.com/wiki/Sugar_Cane Title: Sugar Cane | Farm Together Wiki | Fandom 
[2021-07-08T14:24:56] INFO Finished with Crops => DLC 
[2021-07-08T14:24:56] INFO Starting with Crops => Event 
[2021-07-08T14:24:56] SUCCESS get: https://farmtogether.fandom.com/wiki/Easter_Egg Title: Easter Egg | Farm Together Wiki | Fandom 
[2021-07-08T14:24:56] INFO Finished with Crops => Event 
[2021-07-08T14:26:20] INFO Starting with Crops => Vegetables 
[2021-07-08T14:26:21] SUCCESS get: https://farmtogether.fandom.com/wiki/Carrot Title: Carrot | Farm Together Wiki | Fandom 
[2021-07-08T14:26:21] SUCCESS get: https://farmtogether.fandom.com/wiki/Lettuce Title: Lettuce | Farm Together Wiki | Fandom 
[2021-07-08T14:26:21] INFO Finished with Crops => Vegetables 
[2021-07-08T14:26:21] INFO Starting with Crops => Fruits 
[2021-07-08T14:26:22] SUCCESS get: https://farmtogether.fandom.com/wiki/Melon Title: Melon | Farm Together Wiki | Fandom 
[2021-07-08T14:26:22] SUCCESS get: https://farmtogether.fandom.com/wiki/Pineapple Title: Pineapple | Farm Together Wiki | Fandom 
[2021-07-08T14:26:22] INFO Finished with Crops => Fruits 
[2021-07-08T14:26:22] INFO Starting with Crops => Grapes 
[2021-07-08T14:26:23] SUCCESS get: https://farmtogether.fandom.com/wiki/Raspberry Title: Raspberry | Farm Together Wiki | Fandom 
[2021-07-08T14:26:23] INFO Finished with Crops => Grapes 
[2021-07-08T14:26:23] INFO Starting with Crops => Nuts 
[2021-07-08T14:26:23] SUCCESS get: https://farmtogether.fandom.com/wiki/Sunflower Title: Sunflower | Farm Together Wiki | Fandom 
[2021-07-08T14:26:24] SUCCESS get: https://farmtogether.fandom.com/wiki/Peanut Title: Peanut | Farm Together Wiki | Fandom 
[2021-07-08T14:26:24] INFO Finished with Crops => Nuts 
[2021-07-08T14:26:24] INFO Starting with Crops => Cereals 
[2021-07-08T14:26:24] SUCCESS get: https://farmtogether.fandom.com/wiki/Barley Title: Barley | Farm Together Wiki | Fandom 
[2021-07-08T14:26:24] INFO Finished with Crops => Cereals 
[2021-07-08T14:26:24] INFO Starting with Crops => Mushrooms 
[2021-07-08T14:26:25] SUCCESS get: https://farmtogether.fandom.com/wiki/Parasol_Mushroom Title: Parasol Mushroom | Farm Together Wiki | Fandom 
[2021-07-08T14:26:25] INFO Finished with Crops => Mushrooms 
[2021-07-08T14:26:25] INFO Starting with Crops => Spice 
[2021-07-08T14:26:25] SUCCESS get: https://farmtogether.fandom.com/wiki/Turmeric Title: Turmeric | Farm Together Wiki | Fandom 
[2021-07-08T14:26:25] SUCCESS get: https://farmtogether.fandom.com/wiki/Black_Peppercorn Title: Black Peppercorn | Farm Together Wiki | Fandom 
[2021-07-08T14:26:25] INFO Finished with Crops => Spice 
[2021-07-08T14:26:25] INFO Starting with Crops => Fabric 
[2021-07-08T14:26:26] SUCCESS get: https://farmtogether.fandom.com/wiki/Cotton Title: Cotton | Farm Together Wiki | Fandom 
[2021-07-08T14:26:26] INFO Finished with Crops => Fabric 
[2021-07-08T14:26:26] INFO Starting with Crops => DLC 
[2021-07-08T14:26:26] SUCCESS get: https://farmtogether.fandom.com/wiki/Sugar_Cane Title: Sugar Cane | Farm Together Wiki | Fandom 
[2021-07-08T14:26:26] INFO Finished with Crops => DLC 
[2021-07-08T14:26:26] INFO Starting with Crops => Event 
[2021-07-08T14:26:27] SUCCESS get: https://farmtogether.fandom.com/wiki/Easter_Egg Title: Easter Egg | Farm Together Wiki | Fandom 
[2021-07-08T14:26:27] INFO Finished with Crops => Event 
[2021-07-08T14:26:27] INFO Finished with http://localhost:3001/api/ft/listAll/crops 
[2021-07-08T14:31:08] INFO FINISHED with http://localhost:3001/api/ft/item/carrot 
[2021-07-08T14:33:21] INFO FINISHED with http://localhost:3001/api/ft/item/carrot 
[2021-07-08T14:36:55] SUCCESS get: https://farmtogether.fandom.com/wiki/Crops Title: Crops | Farm Together Wiki | Fandom 
[2021-07-08T14:37:33] SUCCESS get: https://farmtogether.fandom.com/wiki/Crops Title: Crops | Farm Together Wiki | Fandom 
[2021-07-08T14:42:06] SUCCESS get: https://farmtogether.fandom.com/wiki/Crops Title: Crops | Farm Together Wiki | Fandom 
[2021-07-08T14:42:58] SUCCESS get: https://farmtogether.fandom.com/wiki/Crops Title: Crops | Farm Together Wiki | Fandom 
[2021-07-08T14:45:28] INFO FINISHED with http://localhost:3001/api/ft/item/melon 
[2021-07-08T14:46:00] INFO FINISHED with http://localhost:3001/api/ft/item/melon 
[2021-07-08T14:49:50] INFO FINISHED with http://localhost:3001/api/ft/item/melon 
[2021-07-08T14:50:32] INFO FINISHED with http://localhost:3001/api/ft/item/melon 
[2021-07-08T14:52:29] INFO FINISHED with http://localhost:3001/api/ft/item/melon 
[2021-07-08T14:55:36] INFO FINISHED with http://localhost:3001/api/ft/item/melon 
[2021-07-08T15:00:20] INFO STARTING with Crops => Vegetables 
[2021-07-08T15:00:27] SUCCESS get: https://farmtogether.fandom.com/wiki/Carrot Title: Carrot | Farm Together Wiki | Fandom 
[2021-07-08T15:00:28] SUCCESS get: https://farmtogether.fandom.com/wiki/Lettuce Title: Lettuce | Farm Together Wiki | Fandom 
[2021-07-08T15:00:30] SUCCESS get: https://farmtogether.fandom.com/wiki/Cabbage Title: Cabbage | Farm Together Wiki | Fandom 
[2021-07-08T15:00:30] SUCCESS get: https://farmtogether.fandom.com/wiki/Lombardy_Cabbage Title: Lombardy Cabbage | Farm Together Wiki | Fandom 
[2021-07-08T15:00:31] SUCCESS get: https://farmtogether.fandom.com/wiki/Purple_Carrot Title: Purple Carrot | Farm Together Wiki | Fandom 
[2021-07-08T15:00:32] SUCCESS get: https://farmtogether.fandom.com/wiki/Yellow_Onion Title: Yellow Onion | Farm Together Wiki | Fandom 
[2021-07-08T15:00:33] SUCCESS get: https://farmtogether.fandom.com/wiki/Red_Onion Title: Red Onion | Farm Together Wiki | Fandom 
[2021-07-08T15:00:34] SUCCESS get: https://farmtogether.fandom.com/wiki/Leek Title: Leek | Farm Together Wiki | Fandom 
[2021-07-08T15:00:35] SUCCESS get: https://farmtogether.fandom.com/wiki/Chard Title: Chard | Farm Together Wiki | Fandom 
[2021-07-08T15:00:36] SUCCESS get: https://farmtogether.fandom.com/wiki/Spinach Title: Spinach | Farm Together Wiki | Fandom 
[2021-07-08T15:00:36] SUCCESS get: https://farmtogether.fandom.com/wiki/Broccoli Title: Broccoli | Farm Together Wiki | Fandom 
[2021-07-08T15:00:37] SUCCESS get: https://farmtogether.fandom.com/wiki/Graffiti_Cauliflower Title: Graffiti Cauliflower | Farm Together Wiki | Fandom 
[2021-07-08T15:00:38] SUCCESS get: https://farmtogether.fandom.com/wiki/Pumpkin Title: Pumpkin | Farm Together Wiki | Fandom 
[2021-07-08T15:00:39] SUCCESS get: https://farmtogether.fandom.com/wiki/Cauliflower Title: Cauliflower | Farm Together Wiki | Fandom 
[2021-07-08T15:00:41] SUCCESS get: https://farmtogether.fandom.com/wiki/Romanesco Title: Romanesco | Farm Together Wiki | Fandom 
[2021-07-08T15:00:42] SUCCESS get: https://farmtogether.fandom.com/wiki/Cheddar_Cauliflower Title: Cheddar Cauliflower | Farm Together Wiki | Fandom 
[2021-07-08T15:00:42] SUCCESS get: https://farmtogether.fandom.com/wiki/Crookneck_Pumpkin Title: Crookneck Pumpkin | Farm Together Wiki | Fandom 
[2021-07-08T15:00:44] SUCCESS get: https://farmtogether.fandom.com/wiki/Zucchini Title: Zucchini | Farm Together Wiki | Fandom 
[2021-07-08T15:00:45] SUCCESS get: https://farmtogether.fandom.com/wiki/Yellow_Zucchini Title: Yellow Zucchini | Farm Together Wiki | Fandom 
[2021-07-08T15:00:46] SUCCESS get: https://farmtogether.fandom.com/wiki/Aloe_Vera Title: Aloe Vera | Farm Together Wiki | Fandom 
[2021-07-08T15:00:47] SUCCESS get: https://farmtogether.fandom.com/wiki/Beefsteak_Tomato Title: Beefsteak Tomato | Farm Together Wiki | Fandom 
[2021-07-08T15:00:48] SUCCESS get: https://farmtogether.fandom.com/wiki/Tomato Title: Tomato | Farm Together Wiki | Fandom 
[2021-07-08T15:00:49] SUCCESS get: https://farmtogether.fandom.com/wiki/Azoychka_Tomato Title: Azoychka Tomato | Farm Together Wiki | Fandom 
[2021-07-08T15:00:50] SUCCESS get: https://farmtogether.fandom.com/wiki/Cherokee_Purple_Tomato Title: Cherokee Purple Tomato | Farm Together Wiki | Fandom 
[2021-07-08T15:00:51] SUCCESS get: https://farmtogether.fandom.com/wiki/Yellow_Pepper Title: Yellow Pepper | Farm Together Wiki | Fandom 
[2021-07-08T15:00:53] SUCCESS get: https://farmtogether.fandom.com/wiki/Green_Pepper Title: Green Pepper | Farm Together Wiki | Fandom 
[2021-07-08T15:00:54] SUCCESS get: https://farmtogether.fandom.com/wiki/Red_Pepper Title: Red Pepper | Farm Together Wiki | Fandom 
[2021-07-08T15:00:55] SUCCESS get: https://farmtogether.fandom.com/wiki/Turnip Title: Turnip | Farm Together Wiki | Fandom 
[2021-07-08T15:00:56] SUCCESS get: https://farmtogether.fandom.com/wiki/Jicama Title: Jicama | Farm Together Wiki | Fandom 
[2021-07-08T15:00:58] SUCCESS get: https://farmtogether.fandom.com/wiki/Agave Title: Agave | Farm Together Wiki | Fandom 
[2021-07-08T15:00:59] SUCCESS get: https://farmtogether.fandom.com/wiki/Artichoke Title: Artichoke | Farm Together Wiki | Fandom 
[2021-07-08T15:01:00] SUCCESS get: https://farmtogether.fandom.com/wiki/Asparagus Title: Asparagus | Farm Together Wiki | Fandom 
[2021-07-08T15:01:01] SUCCESS get: https://farmtogether.fandom.com/wiki/Potato Title: Potato | Farm Together Wiki | Fandom 
[2021-07-08T15:01:02] SUCCESS get: https://farmtogether.fandom.com/wiki/Garlic Title: Garlic | Farm Together Wiki | Fandom 
[2021-07-08T15:01:06] SUCCESS get: https://farmtogether.fandom.com/wiki/Shallot Title: Shallot | Farm Together Wiki | Fandom 
[2021-07-08T15:01:07] SUCCESS get: https://farmtogether.fandom.com/wiki/Beet Title: Beet | Farm Together Wiki | Fandom 
[2021-07-08T15:01:08] SUCCESS get: https://farmtogether.fandom.com/wiki/Peas Title: Peas | Farm Together Wiki | Fandom 
[2021-07-08T15:01:09] SUCCESS get: https://farmtogether.fandom.com/wiki/Beans Title: Beans | Farm Together Wiki | Fandom 
[2021-07-08T15:01:10] SUCCESS get: https://farmtogether.fandom.com/wiki/Eggplant Title: Eggplant | Farm Together Wiki | Fandom 
[2021-07-08T15:01:11] SUCCESS get: https://farmtogether.fandom.com/wiki/Soybean Title: Soybean | Farm Together Wiki | Fandom 
[2021-07-08T15:01:12] SUCCESS get: https://farmtogether.fandom.com/wiki/Radish Title: Radish | Farm Together Wiki | Fandom 
[2021-07-08T15:01:13] SUCCESS get: https://farmtogether.fandom.com/wiki/Cucumber Title: Cucumber | Farm Together Wiki | Fandom 
[2021-07-08T15:01:13] INFO FINISHED with Crops => Vegetables 
[2021-07-08T15:01:13] INFO STARTING with Crops => Fruits 
[2021-07-08T15:01:14] SUCCESS get: https://farmtogether.fandom.com/wiki/Melon Title: Melon | Farm Together Wiki | Fandom 
[2021-07-08T15:01:15] SUCCESS get: https://farmtogether.fandom.com/wiki/Pineapple Title: Pineapple | Farm Together Wiki | Fandom 
[2021-07-08T15:01:15] SUCCESS get: https://farmtogether.fandom.com/wiki/Kiwifruit Title: Kiwifruit | Farm Together Wiki | Fandom 
[2021-07-08T15:01:16] SUCCESS get: https://farmtogether.fandom.com/wiki/Watermelon Title: Watermelon | Farm Together Wiki | Fandom 
[2021-07-08T15:01:17] SUCCESS get: https://farmtogether.fandom.com/wiki/Strawberry Title: Strawberry | Farm Together Wiki | Fandom 
[2021-07-08T15:01:20] SUCCESS get: https://farmtogether.fandom.com/wiki/Physalis Title: Physalis | Farm Together Wiki | Fandom 
[2021-07-08T15:01:20] INFO FINISHED with Crops => Fruits 
[2021-07-08T15:01:20] INFO STARTING with Crops => Grapes 
[2021-07-08T15:01:21] SUCCESS get: https://farmtogether.fandom.com/wiki/Raspberry Title: Raspberry | Farm Together Wiki | Fandom 
[2021-07-08T15:01:22] SUCCESS get: https://farmtogether.fandom.com/wiki/Blackberry Title: Blackberry | Farm Together Wiki | Fandom 
[2021-07-08T15:01:23] SUCCESS get: https://farmtogether.fandom.com/wiki/Red_Goji_Berry Title: Red Goji Berry | Farm Together Wiki | Fandom 
[2021-07-08T15:01:24] SUCCESS get: https://farmtogether.fandom.com/wiki/Black_Goji_Berry Title: Black Goji Berry | Farm Together Wiki | Fandom 
[2021-07-08T15:01:25] SUCCESS get: https://farmtogether.fandom.com/wiki/Red_Grape Title: Red Grape | Farm Together Wiki | Fandom 
[2021-07-08T15:01:26] SUCCESS get: https://farmtogether.fandom.com/wiki/Blue_Grape Title: Blue Grape | Farm Together Wiki | Fandom 
[2021-07-08T15:01:27] SUCCESS get: https://farmtogether.fandom.com/wiki/Green_Grape Title: Green Grape | Farm Together Wiki | Fandom 
[2021-07-08T15:01:27] INFO FINISHED with Crops => Grapes 
[2021-07-08T15:01:27] INFO STARTING with Crops => Nuts 
[2021-07-08T15:01:28] SUCCESS get: https://farmtogether.fandom.com/wiki/Sunflower Title: Sunflower | Farm Together Wiki | Fandom 
[2021-07-08T15:01:29] SUCCESS get: https://farmtogether.fandom.com/wiki/Peanut Title: Peanut | Farm Together Wiki | Fandom 
[2021-07-08T15:01:29] INFO FINISHED with Crops => Nuts 
[2021-07-08T15:01:29] INFO STARTING with Crops => Cereals 
[2021-07-08T15:01:29] SUCCESS get: https://farmtogether.fandom.com/wiki/Barley Title: Barley | Farm Together Wiki | Fandom 
[2021-07-08T15:01:35] SUCCESS get: https://farmtogether.fandom.com/wiki/Wheat Title: Wheat | Farm Together Wiki | Fandom 
[2021-07-08T15:01:38] SUCCESS get: https://farmtogether.fandom.com/wiki/Rye Title: Rye | Farm Together Wiki | Fandom 
[2021-07-08T15:01:40] SUCCESS get: https://farmtogether.fandom.com/wiki/Corn Title: Corn | Farm Together Wiki | Fandom 
[2021-07-08T15:01:41] SUCCESS get: https://farmtogether.fandom.com/wiki/White_Sorghum Title: White Sorghum | Farm Together Wiki | Fandom 
[2021-07-08T15:01:43] SUCCESS get: https://farmtogether.fandom.com/wiki/Red_Sorghum Title: Red Sorghum | Farm Together Wiki | Fandom 
[2021-07-08T15:01:43] INFO FINISHED with Crops => Cereals 
[2021-07-08T15:01:43] INFO STARTING with Crops => Mushrooms 
[2021-07-08T15:01:43] SUCCESS get: https://farmtogether.fandom.com/wiki/Parasol_Mushroom Title: Parasol Mushroom | Farm Together Wiki | Fandom 
[2021-07-08T15:01:45] SUCCESS get: https://farmtogether.fandom.com/wiki/Shiitake Title: Shiitake | Farm Together Wiki | Fandom 
[2021-07-08T15:01:47] SUCCESS get: https://farmtogether.fandom.com/wiki/White_Mushroom Title: White Mushroom | Farm Together Wiki | Fandom 
[2021-07-08T15:01:48] SUCCESS get: https://farmtogether.fandom.com/wiki/Red_Pine_Mushroom Title: Red Pine Mushroom | Farm Together Wiki | Fandom 
[2021-07-08T15:01:48] INFO FINISHED with Crops => Mushrooms 
[2021-07-08T15:01:48] INFO STARTING with Crops => Spice 
[2021-07-08T15:01:49] SUCCESS get: https://farmtogether.fandom.com/wiki/Turmeric Title: Turmeric | Farm Together Wiki | Fandom 
[2021-07-08T15:01:49] SUCCESS get: https://farmtogether.fandom.com/wiki/Black_Peppercorn Title: Black Peppercorn | Farm Together Wiki | Fandom 
[2021-07-08T15:01:50] SUCCESS get: https://farmtogether.fandom.com/wiki/Pink_Peppercorn Title: Pink Peppercorn | Farm Together Wiki | Fandom 
[2021-07-08T15:01:51] SUCCESS get: https://farmtogether.fandom.com/wiki/White_Peppercorn Title: White Peppercorn | Farm Together Wiki | Fandom 
[2021-07-08T15:01:51] INFO FINISHED with Crops => Spice 
[2021-07-08T15:01:51] INFO STARTING with Crops => Fabric 
[2021-07-08T15:01:52] SUCCESS get: https://farmtogether.fandom.com/wiki/Cotton Title: Cotton | Farm Together Wiki | Fandom 
[2021-07-08T15:01:52] INFO FINISHED with Crops => Fabric 
[2021-07-08T15:01:52] INFO STARTING with Crops => DLC 
[2021-07-08T15:01:53] SUCCESS get: https://farmtogether.fandom.com/wiki/Sugar_Cane Title: Sugar Cane | Farm Together Wiki | Fandom 
[2021-07-08T15:01:54] SUCCESS get: https://farmtogether.fandom.com/wiki/Blackcurrant Title: Blackcurrant | Farm Together Wiki | Fandom 
[2021-07-08T15:01:55] SUCCESS get: https://farmtogether.fandom.com/wiki/Redcurrant Title: Redcurrant | Farm Together Wiki | Fandom 
[2021-07-08T15:01:57] SUCCESS get: https://farmtogether.fandom.com/wiki/Chive Title: Chive | Farm Together Wiki | Fandom 
[2021-07-08T15:01:58] SUCCESS get: https://farmtogether.fandom.com/wiki/Chickpea Title: Chickpea | Farm Together Wiki | Fandom 
[2021-07-08T15:01:59] SUCCESS get: https://farmtogether.fandom.com/wiki/Ginger Title: Ginger | Farm Together Wiki | Fandom 
[2021-07-08T15:02:01] SUCCESS get: https://farmtogether.fandom.com/wiki/Chili Title: Chili Pepper | Farm Together Wiki | Fandom 
[2021-07-08T15:02:02] SUCCESS get: https://farmtogether.fandom.com/wiki/Wasabi Title: Wasabi | Farm Together Wiki | Fandom 
[2021-07-08T15:02:03] SUCCESS get: https://farmtogether.fandom.com/wiki/Celery Title: Celery | Farm Together Wiki | Fandom 
[2021-07-08T15:02:04] SUCCESS get: https://farmtogether.fandom.com/wiki/Jalape%C3%B1o_Pepper Title: Jalapeño Pepper | Farm Together Wiki | Fandom 
[2021-07-08T15:02:05] SUCCESS get: https://farmtogether.fandom.com/wiki/Habanero_Pepper Title: Habanero Pepper | Farm Together Wiki | Fandom 
[2021-07-08T15:02:06] SUCCESS get: https://farmtogether.fandom.com/wiki/Oregano Title: Oregano | Farm Together Wiki | Fandom 
[2021-07-08T15:02:06] INFO FINISHED with Crops => DLC 
[2021-07-08T15:02:06] INFO STARTING with Crops => Event 
[2021-07-08T15:02:07] SUCCESS get: https://farmtogether.fandom.com/wiki/Easter_Egg Title: Easter Egg | Farm Together Wiki | Fandom 
[2021-07-08T15:02:09] SUCCESS get: https://farmtogether.fandom.com/wiki/Cursed_Pumpkin Title: Cursed Pumpkin | Farm Together Wiki | Fandom 
[2021-07-08T15:02:11] SUCCESS get: https://farmtogether.fandom.com/wiki/Candy_Cane Title: Candy Cane | Farm Together Wiki | Fandom 
[2021-07-08T15:02:12] SUCCESS get: https://farmtogether.fandom.com/wiki/Shooting_Stars Title: Shooting Stars | Farm Together Wiki | Fandom 
[2021-07-08T15:02:13] SUCCESS get: https://farmtogether.fandom.com/wiki/Cotton_Candy Title: Cotton Candy | Farm Together Wiki | Fandom 
[2021-07-08T15:02:14] SUCCESS get: https://farmtogether.fandom.com/wiki/Lucky_Clover Title: Lucky Clover | Farm Together Wiki | Fandom 
[2021-07-08T15:02:15] SUCCESS get: https://farmtogether.fandom.com/wiki/Flower_Bouquets Title: Flower Bouquets | Farm Together Wiki | Fandom 
[2021-07-08T15:02:16] SUCCESS get: https://farmtogether.fandom.com/wiki/Fireworks Title: Fireworks | Farm Together Wiki | Fandom 
[2021-07-08T15:02:18] SUCCESS get: https://farmtogether.fandom.com/wiki/Dinosaur_Fossil Title: Dinosaur Fossil | Farm Together Wiki | Fandom 
[2021-07-08T15:02:19] SUCCESS get: https://farmtogether.fandom.com/wiki/Toy_Pinwheels Title: Toy Pinwheels | Farm Together Wiki | Fandom 
[2021-07-08T15:02:20] SUCCESS get: https://farmtogether.fandom.com/wiki/Musical_Root Title: Musical Root | Farm Together Wiki | Fandom 
[2021-07-08T15:02:22] SUCCESS get: https://farmtogether.fandom.com/wiki/Magic_Crystal Title: Magic Crystal | Farm Together Wiki | Fandom 
[2021-07-08T15:02:23] SUCCESS get: https://farmtogether.fandom.com/wiki/Party_Candles Title: Party Candles | Farm Together Wiki | Fandom 
[2021-07-08T15:02:23] SUCCESS get: https://farmtogether.fandom.com/wiki/Fern Title: Fern | Farm Together Wiki | Fandom 
[2021-07-08T15:02:23] INFO FINISHED with Crops => Event 
[2021-07-08T15:07:37] INFO STARTING with Crops => Vegetables 
[2021-07-08T15:07:38] SUCCESS get: https://farmtogether.fandom.com/wiki/Carrot Title: Carrot | Farm Together Wiki | Fandom 
[2021-07-08T15:07:39] SUCCESS get: https://farmtogether.fandom.com/wiki/Lettuce Title: Lettuce | Farm Together Wiki | Fandom 
[2021-07-08T15:07:40] SUCCESS get: https://farmtogether.fandom.com/wiki/Cabbage Title: Cabbage | Farm Together Wiki | Fandom 
[2021-07-08T15:07:41] SUCCESS get: https://farmtogether.fandom.com/wiki/Lombardy_Cabbage Title: Lombardy Cabbage | Farm Together Wiki | Fandom 
[2021-07-08T15:07:41] SUCCESS get: https://farmtogether.fandom.com/wiki/Purple_Carrot Title: Purple Carrot | Farm Together Wiki | Fandom 
[2021-07-08T15:07:42] SUCCESS get: https://farmtogether.fandom.com/wiki/Yellow_Onion Title: Yellow Onion | Farm Together Wiki | Fandom 
[2021-07-08T15:07:42] SUCCESS get: https://farmtogether.fandom.com/wiki/Red_Onion Title: Red Onion | Farm Together Wiki | Fandom 
[2021-07-08T15:07:42] SUCCESS get: https://farmtogether.fandom.com/wiki/Leek Title: Leek | Farm Together Wiki | Fandom 
[2021-07-08T15:07:43] SUCCESS get: https://farmtogether.fandom.com/wiki/Chard Title: Chard | Farm Together Wiki | Fandom 
[2021-07-08T15:07:43] SUCCESS get: https://farmtogether.fandom.com/wiki/Spinach Title: Spinach | Farm Together Wiki | Fandom 
[2021-07-08T15:07:44] SUCCESS get: https://farmtogether.fandom.com/wiki/Broccoli Title: Broccoli | Farm Together Wiki | Fandom 
[2021-07-08T15:07:44] SUCCESS get: https://farmtogether.fandom.com/wiki/Graffiti_Cauliflower Title: Graffiti Cauliflower | Farm Together Wiki | Fandom 
[2021-07-08T15:07:45] SUCCESS get: https://farmtogether.fandom.com/wiki/Pumpkin Title: Pumpkin | Farm Together Wiki | Fandom 
[2021-07-08T15:07:45] SUCCESS get: https://farmtogether.fandom.com/wiki/Cauliflower Title: Cauliflower | Farm Together Wiki | Fandom 
[2021-07-08T15:07:46] SUCCESS get: https://farmtogether.fandom.com/wiki/Romanesco Title: Romanesco | Farm Together Wiki | Fandom 
[2021-07-08T15:07:46] SUCCESS get: https://farmtogether.fandom.com/wiki/Cheddar_Cauliflower Title: Cheddar Cauliflower | Farm Together Wiki | Fandom 
[2021-07-08T15:07:47] SUCCESS get: https://farmtogether.fandom.com/wiki/Crookneck_Pumpkin Title: Crookneck Pumpkin | Farm Together Wiki | Fandom 
[2021-07-08T15:07:47] SUCCESS get: https://farmtogether.fandom.com/wiki/Zucchini Title: Zucchini | Farm Together Wiki | Fandom 
[2021-07-08T15:07:52] SUCCESS get: https://farmtogether.fandom.com/wiki/Yellow_Zucchini Title: Yellow Zucchini | Farm Together Wiki | Fandom 
[2021-07-08T15:07:53] SUCCESS get: https://farmtogether.fandom.com/wiki/Aloe_Vera Title: Aloe Vera | Farm Together Wiki | Fandom 
[2021-07-08T15:07:53] SUCCESS get: https://farmtogether.fandom.com/wiki/Beefsteak_Tomato Title: Beefsteak Tomato | Farm Together Wiki | Fandom 
[2021-07-08T15:07:54] SUCCESS get: https://farmtogether.fandom.com/wiki/Tomato Title: Tomato | Farm Together Wiki | Fandom 
[2021-07-08T15:07:54] SUCCESS get: https://farmtogether.fandom.com/wiki/Azoychka_Tomato Title: Azoychka Tomato | Farm Together Wiki | Fandom 
[2021-07-08T15:07:54] SUCCESS get: https://farmtogether.fandom.com/wiki/Cherokee_Purple_Tomato Title: Cherokee Purple Tomato | Farm Together Wiki | Fandom 
[2021-07-08T15:07:55] SUCCESS get: https://farmtogether.fandom.com/wiki/Yellow_Pepper Title: Yellow Pepper | Farm Together Wiki | Fandom 
[2021-07-08T15:07:55] SUCCESS get: https://farmtogether.fandom.com/wiki/Green_Pepper Title: Green Pepper | Farm Together Wiki | Fandom 
[2021-07-08T15:07:56] SUCCESS get: https://farmtogether.fandom.com/wiki/Red_Pepper Title: Red Pepper | Farm Together Wiki | Fandom 
[2021-07-08T15:07:56] SUCCESS get: https://farmtogether.fandom.com/wiki/Turnip Title: Turnip | Farm Together Wiki | Fandom 
[2021-07-08T15:07:57] SUCCESS get: https://farmtogether.fandom.com/wiki/Jicama Title: Jicama | Farm Together Wiki | Fandom 
[2021-07-08T15:07:57] SUCCESS get: https://farmtogether.fandom.com/wiki/Agave Title: Agave | Farm Together Wiki | Fandom 
[2021-07-08T15:07:57] SUCCESS get: https://farmtogether.fandom.com/wiki/Artichoke Title: Artichoke | Farm Together Wiki | Fandom 
[2021-07-08T15:07:58] SUCCESS get: https://farmtogether.fandom.com/wiki/Asparagus Title: Asparagus | Farm Together Wiki | Fandom 
[2021-07-08T15:07:58] SUCCESS get: https://farmtogether.fandom.com/wiki/Potato Title: Potato | Farm Together Wiki | Fandom 
[2021-07-08T15:07:59] SUCCESS get: https://farmtogether.fandom.com/wiki/Garlic Title: Garlic | Farm Together Wiki | Fandom 
[2021-07-08T15:07:59] SUCCESS get: https://farmtogether.fandom.com/wiki/Shallot Title: Shallot | Farm Together Wiki | Fandom 
[2021-07-08T15:08:00] SUCCESS get: https://farmtogether.fandom.com/wiki/Beet Title: Beet | Farm Together Wiki | Fandom 
[2021-07-08T15:08:00] SUCCESS get: https://farmtogether.fandom.com/wiki/Peas Title: Peas | Farm Together Wiki | Fandom 
[2021-07-08T15:08:00] SUCCESS get: https://farmtogether.fandom.com/wiki/Beans Title: Beans | Farm Together Wiki | Fandom 
[2021-07-08T15:08:01] SUCCESS get: https://farmtogether.fandom.com/wiki/Eggplant Title: Eggplant | Farm Together Wiki | Fandom 
[2021-07-08T15:08:01] SUCCESS get: https://farmtogether.fandom.com/wiki/Soybean Title: Soybean | Farm Together Wiki | Fandom 
[2021-07-08T15:08:02] SUCCESS get: https://farmtogether.fandom.com/wiki/Radish Title: Radish | Farm Together Wiki | Fandom 
[2021-07-08T15:08:02] SUCCESS get: https://farmtogether.fandom.com/wiki/Cucumber Title: Cucumber | Farm Together Wiki | Fandom 
[2021-07-08T15:08:02] INFO FINISHED with Crops => Vegetables 
[2021-07-08T15:08:02] INFO STARTING with Crops => Fruits 
[2021-07-08T15:08:02] SUCCESS get: https://farmtogether.fandom.com/wiki/Melon Title: Melon | Farm Together Wiki | Fandom 
[2021-07-08T15:08:03] SUCCESS get: https://farmtogether.fandom.com/wiki/Pineapple Title: Pineapple | Farm Together Wiki | Fandom 
[2021-07-08T15:08:03] SUCCESS get: https://farmtogether.fandom.com/wiki/Kiwifruit Title: Kiwifruit | Farm Together Wiki | Fandom 
[2021-07-08T15:08:04] SUCCESS get: https://farmtogether.fandom.com/wiki/Watermelon Title: Watermelon | Farm Together Wiki | Fandom 
[2021-07-08T15:08:04] SUCCESS get: https://farmtogether.fandom.com/wiki/Strawberry Title: Strawberry | Farm Together Wiki | Fandom 
[2021-07-08T15:08:05] SUCCESS get: https://farmtogether.fandom.com/wiki/Physalis Title: Physalis | Farm Together Wiki | Fandom 
[2021-07-08T15:08:05] INFO FINISHED with Crops => Fruits 
[2021-07-08T15:08:05] INFO STARTING with Crops => Grapes 
[2021-07-08T15:08:05] SUCCESS get: https://farmtogether.fandom.com/wiki/Raspberry Title: Raspberry | Farm Together Wiki | Fandom 
[2021-07-08T15:08:05] SUCCESS get: https://farmtogether.fandom.com/wiki/Blackberry Title: Blackberry | Farm Together Wiki | Fandom 
[2021-07-08T15:08:06] SUCCESS get: https://farmtogether.fandom.com/wiki/Red_Goji_Berry Title: Red Goji Berry | Farm Together Wiki | Fandom 
[2021-07-08T15:08:06] SUCCESS get: https://farmtogether.fandom.com/wiki/Black_Goji_Berry Title: Black Goji Berry | Farm Together Wiki | Fandom 
[2021-07-08T15:08:07] SUCCESS get: https://farmtogether.fandom.com/wiki/Red_Grape Title: Red Grape | Farm Together Wiki | Fandom 
[2021-07-08T15:08:07] SUCCESS get: https://farmtogether.fandom.com/wiki/Blue_Grape Title: Blue Grape | Farm Together Wiki | Fandom 
[2021-07-08T15:08:08] SUCCESS get: https://farmtogether.fandom.com/wiki/Green_Grape Title: Green Grape | Farm Together Wiki | Fandom 
[2021-07-08T15:08:08] INFO FINISHED with Crops => Grapes 
[2021-07-08T15:08:08] INFO STARTING with Crops => Nuts 
[2021-07-08T15:08:08] SUCCESS get: https://farmtogether.fandom.com/wiki/Sunflower Title: Sunflower | Farm Together Wiki | Fandom 
[2021-07-08T15:08:08] SUCCESS get: https://farmtogether.fandom.com/wiki/Peanut Title: Peanut | Farm Together Wiki | Fandom 
[2021-07-08T15:08:08] INFO FINISHED with Crops => Nuts 
[2021-07-08T15:08:08] INFO STARTING with Crops => Cereals 
[2021-07-08T15:08:09] SUCCESS get: https://farmtogether.fandom.com/wiki/Barley Title: Barley | Farm Together Wiki | Fandom 
[2021-07-08T15:08:09] SUCCESS get: https://farmtogether.fandom.com/wiki/Wheat Title: Wheat | Farm Together Wiki | Fandom 
[2021-07-08T15:08:10] SUCCESS get: https://farmtogether.fandom.com/wiki/Rye Title: Rye | Farm Together Wiki | Fandom 
[2021-07-08T15:08:10] SUCCESS get: https://farmtogether.fandom.com/wiki/Corn Title: Corn | Farm Together Wiki | Fandom 
[2021-07-08T15:08:10] SUCCESS get: https://farmtogether.fandom.com/wiki/White_Sorghum Title: White Sorghum | Farm Together Wiki | Fandom 
[2021-07-08T15:08:11] SUCCESS get: https://farmtogether.fandom.com/wiki/Red_Sorghum Title: Red Sorghum | Farm Together Wiki | Fandom 
[2021-07-08T15:08:11] INFO FINISHED with Crops => Cereals 
[2021-07-08T15:08:11] INFO STARTING with Crops => Mushrooms 
[2021-07-08T15:08:11] SUCCESS get: https://farmtogether.fandom.com/wiki/Parasol_Mushroom Title: Parasol Mushroom | Farm Together Wiki | Fandom 
[2021-07-08T15:08:12] SUCCESS get: https://farmtogether.fandom.com/wiki/Shiitake Title: Shiitake | Farm Together Wiki | Fandom 
[2021-07-08T15:08:12] SUCCESS get: https://farmtogether.fandom.com/wiki/White_Mushroom Title: White Mushroom | Farm Together Wiki | Fandom 
[2021-07-08T15:08:13] SUCCESS get: https://farmtogether.fandom.com/wiki/Red_Pine_Mushroom Title: Red Pine Mushroom | Farm Together Wiki | Fandom 
[2021-07-08T15:08:13] INFO FINISHED with Crops => Mushrooms 
[2021-07-08T15:08:13] INFO STARTING with Crops => Spice 
[2021-07-08T15:08:13] SUCCESS get: https://farmtogether.fandom.com/wiki/Turmeric Title: Turmeric | Farm Together Wiki | Fandom 
[2021-07-08T15:08:13] SUCCESS get: https://farmtogether.fandom.com/wiki/Black_Peppercorn Title: Black Peppercorn | Farm Together Wiki | Fandom 
[2021-07-08T15:08:14] SUCCESS get: https://farmtogether.fandom.com/wiki/Pink_Peppercorn Title: Pink Peppercorn | Farm Together Wiki | Fandom 
[2021-07-08T15:08:14] SUCCESS get: https://farmtogether.fandom.com/wiki/White_Peppercorn Title: White Peppercorn | Farm Together Wiki | Fandom 
[2021-07-08T15:08:14] INFO FINISHED with Crops => Spice 
[2021-07-08T15:08:14] INFO STARTING with Crops => Fabric 
[2021-07-08T15:08:15] SUCCESS get: https://farmtogether.fandom.com/wiki/Cotton Title: Cotton | Farm Together Wiki | Fandom 
[2021-07-08T15:08:15] INFO FINISHED with Crops => Fabric 
[2021-07-08T15:08:15] INFO STARTING with Crops => DLC 
[2021-07-08T15:08:15] SUCCESS get: https://farmtogether.fandom.com/wiki/Sugar_Cane Title: Sugar Cane | Farm Together Wiki | Fandom 
[2021-07-08T15:08:16] SUCCESS get: https://farmtogether.fandom.com/wiki/Blackcurrant Title: Blackcurrant | Farm Together Wiki | Fandom 
[2021-07-08T15:08:16] SUCCESS get: https://farmtogether.fandom.com/wiki/Redcurrant Title: Redcurrant | Farm Together Wiki | Fandom 
[2021-07-08T15:08:16] SUCCESS get: https://farmtogether.fandom.com/wiki/Chive Title: Chive | Farm Together Wiki | Fandom 
[2021-07-08T15:08:17] SUCCESS get: https://farmtogether.fandom.com/wiki/Chickpea Title: Chickpea | Farm Together Wiki | Fandom 
[2021-07-08T15:08:17] SUCCESS get: https://farmtogether.fandom.com/wiki/Ginger Title: Ginger | Farm Together Wiki | Fandom 
[2021-07-08T15:08:18] SUCCESS get: https://farmtogether.fandom.com/wiki/Chili Title: Chili Pepper | Farm Together Wiki | Fandom 
[2021-07-08T15:08:18] SUCCESS get: https://farmtogether.fandom.com/wiki/Wasabi Title: Wasabi | Farm Together Wiki | Fandom 
[2021-07-08T15:08:18] SUCCESS get: https://farmtogether.fandom.com/wiki/Celery Title: Celery | Farm Together Wiki | Fandom 
[2021-07-08T15:08:19] SUCCESS get: https://farmtogether.fandom.com/wiki/Jalape%C3%B1o_Pepper Title: Jalapeño Pepper | Farm Together Wiki | Fandom 
[2021-07-08T15:08:19] SUCCESS get: https://farmtogether.fandom.com/wiki/Habanero_Pepper Title: Habanero Pepper | Farm Together Wiki | Fandom 
[2021-07-08T15:08:20] SUCCESS get: https://farmtogether.fandom.com/wiki/Oregano Title: Oregano | Farm Together Wiki | Fandom 
[2021-07-08T15:08:20] INFO FINISHED with Crops => DLC 
[2021-07-08T15:08:20] INFO STARTING with Crops => Event 
[2021-07-08T15:08:20] SUCCESS get: https://farmtogether.fandom.com/wiki/Easter_Egg Title: Easter Egg | Farm Together Wiki | Fandom 
[2021-07-08T15:08:20] SUCCESS get: https://farmtogether.fandom.com/wiki/Cursed_Pumpkin Title: Cursed Pumpkin | Farm Together Wiki | Fandom 
[2021-07-08T15:08:21] SUCCESS get: https://farmtogether.fandom.com/wiki/Candy_Cane Title: Candy Cane | Farm Together Wiki | Fandom 
[2021-07-08T15:08:21] SUCCESS get: https://farmtogether.fandom.com/wiki/Shooting_Stars Title: Shooting Stars | Farm Together Wiki | Fandom 
[2021-07-08T15:08:22] SUCCESS get: https://farmtogether.fandom.com/wiki/Cotton_Candy Title: Cotton Candy | Farm Together Wiki | Fandom 
[2021-07-08T15:08:22] SUCCESS get: https://farmtogether.fandom.com/wiki/Lucky_Clover Title: Lucky Clover | Farm Together Wiki | Fandom 
[2021-07-08T15:08:23] SUCCESS get: https://farmtogether.fandom.com/wiki/Flower_Bouquets Title: Flower Bouquets | Farm Together Wiki | Fandom 
[2021-07-08T15:08:23] SUCCESS get: https://farmtogether.fandom.com/wiki/Fireworks Title: Fireworks | Farm Together Wiki | Fandom 
[2021-07-08T15:08:23] SUCCESS get: https://farmtogether.fandom.com/wiki/Dinosaur_Fossil Title: Dinosaur Fossil | Farm Together Wiki | Fandom 
[2021-07-08T15:08:24] SUCCESS get: https://farmtogether.fandom.com/wiki/Toy_Pinwheels Title: Toy Pinwheels | Farm Together Wiki | Fandom 
[2021-07-08T15:08:24] SUCCESS get: https://farmtogether.fandom.com/wiki/Musical_Root Title: Musical Root | Farm Together Wiki | Fandom 
[2021-07-08T15:08:25] SUCCESS get: https://farmtogether.fandom.com/wiki/Magic_Crystal Title: Magic Crystal | Farm Together Wiki | Fandom 
[2021-07-08T15:08:25] SUCCESS get: https://farmtogether.fandom.com/wiki/Party_Candles Title: Party Candles | Farm Together Wiki | Fandom 
[2021-07-08T15:08:26] SUCCESS get: https://farmtogether.fandom.com/wiki/Fern Title: Fern | Farm Together Wiki | Fandom 
[2021-07-08T15:08:26] INFO FINISHED with Crops => Event 
[2021-07-08T15:08:26] INFO FINISHED with http://localhost:3001/api/ft/listAll/crops 
[2021-07-08T15:16:04] INFO STARTING with Crops => Vegetables 
[2021-07-08T15:16:05] SUCCESS get: https://farmtogether.fandom.com/wiki/Carrot Title: Carrot | Farm Together Wiki | Fandom 
[2021-07-08T15:16:06] SUCCESS get: https://farmtogether.fandom.com/wiki/Lettuce Title: Lettuce | Farm Together Wiki | Fandom 
[2021-07-08T15:16:07] SUCCESS get: https://farmtogether.fandom.com/wiki/Cabbage Title: Cabbage | Farm Together Wiki | Fandom 
[2021-07-08T15:16:07] SUCCESS get: https://farmtogether.fandom.com/wiki/Lombardy_Cabbage Title: Lombardy Cabbage | Farm Together Wiki | Fandom 
[2021-07-08T15:16:08] SUCCESS get: https://farmtogether.fandom.com/wiki/Purple_Carrot Title: Purple Carrot | Farm Together Wiki | Fandom 
[2021-07-08T15:16:08] SUCCESS get: https://farmtogether.fandom.com/wiki/Yellow_Onion Title: Yellow Onion | Farm Together Wiki | Fandom 
[2021-07-08T15:16:09] SUCCESS get: https://farmtogether.fandom.com/wiki/Red_Onion Title: Red Onion | Farm Together Wiki | Fandom 
[2021-07-08T15:16:09] SUCCESS get: https://farmtogether.fandom.com/wiki/Leek Title: Leek | Farm Together Wiki | Fandom 
[2021-07-08T15:16:10] SUCCESS get: https://farmtogether.fandom.com/wiki/Chard Title: Chard | Farm Together Wiki | Fandom 
[2021-07-08T15:16:10] SUCCESS get: https://farmtogether.fandom.com/wiki/Spinach Title: Spinach | Farm Together Wiki | Fandom 
[2021-07-08T15:16:11] SUCCESS get: https://farmtogether.fandom.com/wiki/Broccoli Title: Broccoli | Farm Together Wiki | Fandom 
[2021-07-08T15:16:11] SUCCESS get: https://farmtogether.fandom.com/wiki/Graffiti_Cauliflower Title: Graffiti Cauliflower | Farm Together Wiki | Fandom 
[2021-07-08T15:16:12] SUCCESS get: https://farmtogether.fandom.com/wiki/Pumpkin Title: Pumpkin | Farm Together Wiki | Fandom 
[2021-07-08T15:16:12] SUCCESS get: https://farmtogether.fandom.com/wiki/Cauliflower Title: Cauliflower | Farm Together Wiki | Fandom 
[2021-07-08T15:16:13] SUCCESS get: https://farmtogether.fandom.com/wiki/Romanesco Title: Romanesco | Farm Together Wiki | Fandom 
[2021-07-08T15:16:13] SUCCESS get: https://farmtogether.fandom.com/wiki/Cheddar_Cauliflower Title: Cheddar Cauliflower | Farm Together Wiki | Fandom 
[2021-07-08T15:16:13] SUCCESS get: https://farmtogether.fandom.com/wiki/Crookneck_Pumpkin Title: Crookneck Pumpkin | Farm Together Wiki | Fandom 
[2021-07-08T15:16:14] SUCCESS get: https://farmtogether.fandom.com/wiki/Zucchini Title: Zucchini | Farm Together Wiki | Fandom 
[2021-07-08T15:16:14] SUCCESS get: https://farmtogether.fandom.com/wiki/Yellow_Zucchini Title: Yellow Zucchini | Farm Together Wiki | Fandom 
[2021-07-08T15:16:15] SUCCESS get: https://farmtogether.fandom.com/wiki/Aloe_Vera Title: Aloe Vera | Farm Together Wiki | Fandom 
[2021-07-08T15:16:15] SUCCESS get: https://farmtogether.fandom.com/wiki/Beefsteak_Tomato Title: Beefsteak Tomato | Farm Together Wiki | Fandom 
[2021-07-08T15:16:16] SUCCESS get: https://farmtogether.fandom.com/wiki/Tomato Title: Tomato | Farm Together Wiki | Fandom 
[2021-07-08T15:16:16] SUCCESS get: https://farmtogether.fandom.com/wiki/Azoychka_Tomato Title: Azoychka Tomato | Farm Together Wiki | Fandom 
[2021-07-08T15:16:17] SUCCESS get: https://farmtogether.fandom.com/wiki/Cherokee_Purple_Tomato Title: Cherokee Purple Tomato | Farm Together Wiki | Fandom 
[2021-07-08T15:16:17] SUCCESS get: https://farmtogether.fandom.com/wiki/Yellow_Pepper Title: Yellow Pepper | Farm Together Wiki | Fandom 
[2021-07-08T15:16:18] SUCCESS get: https://farmtogether.fandom.com/wiki/Green_Pepper Title: Green Pepper | Farm Together Wiki | Fandom 
[2021-07-08T15:16:18] SUCCESS get: https://farmtogether.fandom.com/wiki/Red_Pepper Title: Red Pepper | Farm Together Wiki | Fandom 
[2021-07-08T15:16:19] SUCCESS get: https://farmtogether.fandom.com/wiki/Turnip Title: Turnip | Farm Together Wiki | Fandom 
[2021-07-08T15:16:19] SUCCESS get: https://farmtogether.fandom.com/wiki/Jicama Title: Jicama | Farm Together Wiki | Fandom 
[2021-07-08T15:16:20] SUCCESS get: https://farmtogether.fandom.com/wiki/Agave Title: Agave | Farm Together Wiki | Fandom 
[2021-07-08T15:16:20] SUCCESS get: https://farmtogether.fandom.com/wiki/Artichoke Title: Artichoke | Farm Together Wiki | Fandom 
[2021-07-08T15:16:20] SUCCESS get: https://farmtogether.fandom.com/wiki/Asparagus Title: Asparagus | Farm Together Wiki | Fandom 
[2021-07-08T15:16:21] SUCCESS get: https://farmtogether.fandom.com/wiki/Potato Title: Potato | Farm Together Wiki | Fandom 
[2021-07-08T15:16:21] SUCCESS get: https://farmtogether.fandom.com/wiki/Garlic Title: Garlic | Farm Together Wiki | Fandom 
[2021-07-08T15:16:22] SUCCESS get: https://farmtogether.fandom.com/wiki/Shallot Title: Shallot | Farm Together Wiki | Fandom 
[2021-07-08T15:16:22] SUCCESS get: https://farmtogether.fandom.com/wiki/Beet Title: Beet | Farm Together Wiki | Fandom 
[2021-07-08T15:16:23] SUCCESS get: https://farmtogether.fandom.com/wiki/Peas Title: Peas | Farm Together Wiki | Fandom 
[2021-07-08T15:16:23] SUCCESS get: https://farmtogether.fandom.com/wiki/Beans Title: Beans | Farm Together Wiki | Fandom 
[2021-07-08T15:16:24] SUCCESS get: https://farmtogether.fandom.com/wiki/Eggplant Title: Eggplant | Farm Together Wiki | Fandom 
[2021-07-08T15:16:24] SUCCESS get: https://farmtogether.fandom.com/wiki/Soybean Title: Soybean | Farm Together Wiki | Fandom 
[2021-07-08T15:16:24] SUCCESS get: https://farmtogether.fandom.com/wiki/Radish Title: Radish | Farm Together Wiki | Fandom 
[2021-07-08T15:16:25] SUCCESS get: https://farmtogether.fandom.com/wiki/Cucumber Title: Cucumber | Farm Together Wiki | Fandom 
[2021-07-08T15:16:25] INFO FINISHED with Crops => Vegetables 
[2021-07-08T15:16:25] INFO STARTING with Crops => Fruits 
[2021-07-08T15:16:25] SUCCESS get: https://farmtogether.fandom.com/wiki/Melon Title: Melon | Farm Together Wiki | Fandom 
[2021-07-08T15:16:26] SUCCESS get: https://farmtogether.fandom.com/wiki/Pineapple Title: Pineapple | Farm Together Wiki | Fandom 
[2021-07-08T15:16:26] SUCCESS get: https://farmtogether.fandom.com/wiki/Kiwifruit Title: Kiwifruit | Farm Together Wiki | Fandom 
[2021-07-08T15:16:27] SUCCESS get: https://farmtogether.fandom.com/wiki/Watermelon Title: Watermelon | Farm Together Wiki | Fandom 
[2021-07-08T15:16:27] SUCCESS get: https://farmtogether.fandom.com/wiki/Strawberry Title: Strawberry | Farm Together Wiki | Fandom 
[2021-07-08T15:16:28] SUCCESS get: https://farmtogether.fandom.com/wiki/Physalis Title: Physalis | Farm Together Wiki | Fandom 
[2021-07-08T15:16:28] INFO FINISHED with Crops => Fruits 
[2021-07-08T15:16:28] INFO STARTING with Crops => Grapes 
[2021-07-08T15:16:28] SUCCESS get: https://farmtogether.fandom.com/wiki/Raspberry Title: Raspberry | Farm Together Wiki | Fandom 
[2021-07-08T15:16:29] SUCCESS get: https://farmtogether.fandom.com/wiki/Blackberry Title: Blackberry | Farm Together Wiki | Fandom 
[2021-07-08T15:16:29] SUCCESS get: https://farmtogether.fandom.com/wiki/Red_Goji_Berry Title: Red Goji Berry | Farm Together Wiki | Fandom 
[2021-07-08T15:16:29] SUCCESS get: https://farmtogether.fandom.com/wiki/Black_Goji_Berry Title: Black Goji Berry | Farm Together Wiki | Fandom 
[2021-07-08T15:16:30] SUCCESS get: https://farmtogether.fandom.com/wiki/Red_Grape Title: Red Grape | Farm Together Wiki | Fandom 
[2021-07-08T15:16:30] SUCCESS get: https://farmtogether.fandom.com/wiki/Blue_Grape Title: Blue Grape | Farm Together Wiki | Fandom 
[2021-07-08T15:16:31] SUCCESS get: https://farmtogether.fandom.com/wiki/Green_Grape Title: Green Grape | Farm Together Wiki | Fandom 
[2021-07-08T15:16:31] INFO FINISHED with Crops => Grapes 
[2021-07-08T15:16:31] INFO STARTING with Crops => Nuts 
[2021-07-08T15:16:31] SUCCESS get: https://farmtogether.fandom.com/wiki/Sunflower Title: Sunflower | Farm Together Wiki | Fandom 
[2021-07-08T15:16:32] SUCCESS get: https://farmtogether.fandom.com/wiki/Peanut Title: Peanut | Farm Together Wiki | Fandom 
[2021-07-08T15:16:32] INFO FINISHED with Crops => Nuts 
[2021-07-08T15:16:32] INFO STARTING with Crops => Cereals 
[2021-07-08T15:16:32] SUCCESS get: https://farmtogether.fandom.com/wiki/Barley Title: Barley | Farm Together Wiki | Fandom 
[2021-07-08T15:16:33] SUCCESS get: https://farmtogether.fandom.com/wiki/Wheat Title: Wheat | Farm Together Wiki | Fandom 
[2021-07-08T15:16:33] SUCCESS get: https://farmtogether.fandom.com/wiki/Rye Title: Rye | Farm Together Wiki | Fandom 
[2021-07-08T15:16:33] SUCCESS get: https://farmtogether.fandom.com/wiki/Corn Title: Corn | Farm Together Wiki | Fandom 
[2021-07-08T15:16:34] SUCCESS get: https://farmtogether.fandom.com/wiki/White_Sorghum Title: White Sorghum | Farm Together Wiki | Fandom 
[2021-07-08T15:16:34] SUCCESS get: https://farmtogether.fandom.com/wiki/Red_Sorghum Title: Red Sorghum | Farm Together Wiki | Fandom 
[2021-07-08T15:16:34] INFO FINISHED with Crops => Cereals 
[2021-07-08T15:16:34] INFO STARTING with Crops => Mushrooms 
[2021-07-08T15:16:35] SUCCESS get: https://farmtogether.fandom.com/wiki/Parasol_Mushroom Title: Parasol Mushroom | Farm Together Wiki | Fandom 
[2021-07-08T15:16:35] SUCCESS get: https://farmtogether.fandom.com/wiki/Shiitake Title: Shiitake | Farm Together Wiki | Fandom 
[2021-07-08T15:16:35] SUCCESS get: https://farmtogether.fandom.com/wiki/White_Mushroom Title: White Mushroom | Farm Together Wiki | Fandom 
[2021-07-08T15:16:36] SUCCESS get: https://farmtogether.fandom.com/wiki/Red_Pine_Mushroom Title: Red Pine Mushroom | Farm Together Wiki | Fandom 
[2021-07-08T15:16:36] INFO FINISHED with Crops => Mushrooms 
[2021-07-08T15:16:36] INFO STARTING with Crops => Spice 
[2021-07-08T15:16:36] SUCCESS get: https://farmtogether.fandom.com/wiki/Turmeric Title: Turmeric | Farm Together Wiki | Fandom 
[2021-07-08T15:16:37] SUCCESS get: https://farmtogether.fandom.com/wiki/Black_Peppercorn Title: Black Peppercorn | Farm Together Wiki | Fandom 
[2021-07-08T15:16:37] SUCCESS get: https://farmtogether.fandom.com/wiki/Pink_Peppercorn Title: Pink Peppercorn | Farm Together Wiki | Fandom 
[2021-07-08T15:16:38] SUCCESS get: https://farmtogether.fandom.com/wiki/White_Peppercorn Title: White Peppercorn | Farm Together Wiki | Fandom 
[2021-07-08T15:16:38] INFO FINISHED with Crops => Spice 
[2021-07-08T15:16:38] INFO STARTING with Crops => Fabric 
[2021-07-08T15:16:38] SUCCESS get: https://farmtogether.fandom.com/wiki/Cotton Title: Cotton | Farm Together Wiki | Fandom 
[2021-07-08T15:16:38] INFO FINISHED with Crops => Fabric 
[2021-07-08T15:16:38] INFO STARTING with Crops => DLC 
[2021-07-08T15:16:39] SUCCESS get: https://farmtogether.fandom.com/wiki/Sugar_Cane Title: Sugar Cane | Farm Together Wiki | Fandom 
[2021-07-08T15:16:39] SUCCESS get: https://farmtogether.fandom.com/wiki/Blackcurrant Title: Blackcurrant | Farm Together Wiki | Fandom 
[2021-07-08T15:16:40] SUCCESS get: https://farmtogether.fandom.com/wiki/Redcurrant Title: Redcurrant | Farm Together Wiki | Fandom 
[2021-07-08T15:16:40] SUCCESS get: https://farmtogether.fandom.com/wiki/Chive Title: Chive | Farm Together Wiki | Fandom 
[2021-07-08T15:16:40] SUCCESS get: https://farmtogether.fandom.com/wiki/Chickpea Title: Chickpea | Farm Together Wiki | Fandom 
[2021-07-08T15:16:41] SUCCESS get: https://farmtogether.fandom.com/wiki/Ginger Title: Ginger | Farm Together Wiki | Fandom 
[2021-07-08T15:16:41] SUCCESS get: https://farmtogether.fandom.com/wiki/Chili Title: Chili Pepper | Farm Together Wiki | Fandom 
[2021-07-08T15:16:42] SUCCESS get: https://farmtogether.fandom.com/wiki/Wasabi Title: Wasabi | Farm Together Wiki | Fandom 
[2021-07-08T15:16:42] SUCCESS get: https://farmtogether.fandom.com/wiki/Celery Title: Celery | Farm Together Wiki | Fandom 
[2021-07-08T15:16:43] SUCCESS get: https://farmtogether.fandom.com/wiki/Jalape%C3%B1o_Pepper Title: Jalapeño Pepper | Farm Together Wiki | Fandom 
[2021-07-08T15:16:43] SUCCESS get: https://farmtogether.fandom.com/wiki/Habanero_Pepper Title: Habanero Pepper | Farm Together Wiki | Fandom 
[2021-07-08T15:16:44] SUCCESS get: https://farmtogether.fandom.com/wiki/Oregano Title: Oregano | Farm Together Wiki | Fandom 
[2021-07-08T15:16:44] INFO FINISHED with Crops => DLC 
[2021-07-08T15:16:44] INFO STARTING with Crops => Event 
[2021-07-08T15:16:44] SUCCESS get: https://farmtogether.fandom.com/wiki/Easter_Egg Title: Easter Egg | Farm Together Wiki | Fandom 
[2021-07-08T15:16:45] SUCCESS get: https://farmtogether.fandom.com/wiki/Cursed_Pumpkin Title: Cursed Pumpkin | Farm Together Wiki | Fandom 
[2021-07-08T15:16:45] SUCCESS get: https://farmtogether.fandom.com/wiki/Candy_Cane Title: Candy Cane | Farm Together Wiki | Fandom 
[2021-07-08T15:16:45] SUCCESS get: https://farmtogether.fandom.com/wiki/Shooting_Stars Title: Shooting Stars | Farm Together Wiki | Fandom 
[2021-07-08T15:16:46] SUCCESS get: https://farmtogether.fandom.com/wiki/Cotton_Candy Title: Cotton Candy | Farm Together Wiki | Fandom 
[2021-07-08T15:16:46] SUCCESS get: https://farmtogether.fandom.com/wiki/Lucky_Clover Title: Lucky Clover | Farm Together Wiki | Fandom 
[2021-07-08T15:16:47] SUCCESS get: https://farmtogether.fandom.com/wiki/Flower_Bouquets Title: Flower Bouquets | Farm Together Wiki | Fandom 
[2021-07-08T15:16:47] SUCCESS get: https://farmtogether.fandom.com/wiki/Fireworks Title: Fireworks | Farm Together Wiki | Fandom 
[2021-07-08T15:16:48] SUCCESS get: https://farmtogether.fandom.com/wiki/Dinosaur_Fossil Title: Dinosaur Fossil | Farm Together Wiki | Fandom 
[2021-07-08T15:16:48] SUCCESS get: https://farmtogether.fandom.com/wiki/Toy_Pinwheels Title: Toy Pinwheels | Farm Together Wiki | Fandom 
[2021-07-08T15:16:48] SUCCESS get: https://farmtogether.fandom.com/wiki/Musical_Root Title: Musical Root | Farm Together Wiki | Fandom 
[2021-07-08T15:16:49] SUCCESS get: https://farmtogether.fandom.com/wiki/Magic_Crystal Title: Magic Crystal | Farm Together Wiki | Fandom 
[2021-07-08T15:16:49] SUCCESS get: https://farmtogether.fandom.com/wiki/Party_Candles Title: Party Candles | Farm Together Wiki | Fandom 
[2021-07-08T15:16:50] SUCCESS get: https://farmtogether.fandom.com/wiki/Fern Title: Fern | Farm Together Wiki | Fandom 
[2021-07-08T15:16:50] INFO FINISHED with Crops => Event 
[2021-07-08T15:16:50] INFO FINISHED with http://localhost:3001/api/ft/listAll/crops 
